CRITICAL - 2020-11-14 08:11:45 --> Class 'App\Models\InputDinamisModel' not found
#0 D:\xampp-7.4.10\htdocs\ci4\admin_template\system\CodeIgniter.php(890): App\Controllers\Input_Dinamis->__construct()
#1 D:\xampp-7.4.10\htdocs\ci4\admin_template\system\CodeIgniter.php(399): CodeIgniter\CodeIgniter->createController()
#2 D:\xampp-7.4.10\htdocs\ci4\admin_template\system\CodeIgniter.php(312): CodeIgniter\CodeIgniter->handleRequest(NULL, Object(Config\Cache), false)
#3 D:\xampp-7.4.10\htdocs\ci4\admin_template\index.php(46): CodeIgniter\CodeIgniter->run()
#4 {main}
CRITICAL - 2020-11-14 08:12:14 --> Undefined variable: app_module
#0 D:\xampp-7.4.10\htdocs\ci4\admin_template\app\Views\themes\modern\penghadap-result.php(3): CodeIgniter\Debug\Exceptions->errorHandler(8, 'Undefined varia...', 'D:\\xampp-7.4.10...', 3, Array)
#1 D:\xampp-7.4.10\htdocs\ci4\admin_template\system\View\View.php(246): include('D:\\xampp-7.4.10...')
#2 D:\xampp-7.4.10\htdocs\ci4\admin_template\system\Common.php(1119): CodeIgniter\View\View->render('themes/modern/p...', Array, true)
#3 D:\xampp-7.4.10\htdocs\ci4\admin_template\app\Controllers\BaseController.php(238): view('themes/modern/p...', Array)
#4 D:\xampp-7.4.10\htdocs\ci4\admin_template\app\Controllers\Input_Dinamis.php(43): App\Controllers\BaseController->view('penghadap-resul...', Array)
#5 D:\xampp-7.4.10\htdocs\ci4\admin_template\system\CodeIgniter.php(918): App\Controllers\Input_Dinamis->index()
#6 D:\xampp-7.4.10\htdocs\ci4\admin_template\system\CodeIgniter.php(404): CodeIgniter\CodeIgniter->runController(Object(App\Controllers\Input_Dinamis))
#7 D:\xampp-7.4.10\htdocs\ci4\admin_template\system\CodeIgniter.php(312): CodeIgniter\CodeIgniter->handleRequest(NULL, Object(Config\Cache), false)
#8 D:\xampp-7.4.10\htdocs\ci4\admin_template\index.php(46): CodeIgniter\CodeIgniter->run()
#9 {main}
CRITICAL - 2020-11-14 08:12:47 --> Undefined variable: app_module
#0 D:\xampp-7.4.10\htdocs\ci4\admin_template\app\Views\themes\modern\penghadap-result.php(3): CodeIgniter\Debug\Exceptions->errorHandler(8, 'Undefined varia...', 'D:\\xampp-7.4.10...', 3, Array)
#1 D:\xampp-7.4.10\htdocs\ci4\admin_template\system\View\View.php(246): include('D:\\xampp-7.4.10...')
#2 D:\xampp-7.4.10\htdocs\ci4\admin_template\system\Common.php(1119): CodeIgniter\View\View->render('themes/modern/p...', Array, true)
#3 D:\xampp-7.4.10\htdocs\ci4\admin_template\app\Controllers\BaseController.php(238): view('themes/modern/p...', Array)
#4 D:\xampp-7.4.10\htdocs\ci4\admin_template\app\Controllers\Input_Dinamis.php(43): App\Controllers\BaseController->view('penghadap-resul...', Array)
#5 D:\xampp-7.4.10\htdocs\ci4\admin_template\system\CodeIgniter.php(918): App\Controllers\Input_Dinamis->index()
#6 D:\xampp-7.4.10\htdocs\ci4\admin_template\system\CodeIgniter.php(404): CodeIgniter\CodeIgniter->runController(Object(App\Controllers\Input_Dinamis))
#7 D:\xampp-7.4.10\htdocs\ci4\admin_template\system\CodeIgniter.php(312): CodeIgniter\CodeIgniter->handleRequest(NULL, Object(Config\Cache), false)
#8 D:\xampp-7.4.10\htdocs\ci4\admin_template\index.php(46): CodeIgniter\CodeIgniter->run()
#9 {main}
CRITICAL - 2020-11-14 08:22:01 --> Undefined variable: app_module
#0 D:\xampp-7.4.10\htdocs\ci4\admin_template\app\Views\themes\modern\penghadap-result.php(3): CodeIgniter\Debug\Exceptions->errorHandler(8, 'Undefined varia...', 'D:\\xampp-7.4.10...', 3, Array)
#1 D:\xampp-7.4.10\htdocs\ci4\admin_template\system\View\View.php(246): include('D:\\xampp-7.4.10...')
#2 D:\xampp-7.4.10\htdocs\ci4\admin_template\system\Common.php(1119): CodeIgniter\View\View->render('themes/modern/p...', Array, true)
#3 D:\xampp-7.4.10\htdocs\ci4\admin_template\app\Controllers\BaseController.php(238): view('themes/modern/p...', Array)
#4 D:\xampp-7.4.10\htdocs\ci4\admin_template\app\Controllers\Input_Dinamis.php(43): App\Controllers\BaseController->view('penghadap-resul...', Array)
#5 D:\xampp-7.4.10\htdocs\ci4\admin_template\system\CodeIgniter.php(918): App\Controllers\Input_Dinamis->index()
#6 D:\xampp-7.4.10\htdocs\ci4\admin_template\system\CodeIgniter.php(404): CodeIgniter\CodeIgniter->runController(Object(App\Controllers\Input_Dinamis))
#7 D:\xampp-7.4.10\htdocs\ci4\admin_template\system\CodeIgniter.php(312): CodeIgniter\CodeIgniter->handleRequest(NULL, Object(Config\Cache), false)
#8 D:\xampp-7.4.10\htdocs\ci4\admin_template\index.php(46): CodeIgniter\CodeIgniter->run()
#9 {main}
CRITICAL - 2020-11-14 08:22:22 --> CodeIgniter\View\View::main(): Failed opening required 'app/helpers/html.php' (include_path='D:\xampp-7.4.10\php\PEAR')
#0 [internal function]: CodeIgniter\Debug\Exceptions->shutdownHandler()
#1 {main}
CRITICAL - 2020-11-14 08:23:55 --> Call to undefined function set_value()
#0 D:\xampp-7.4.10\htdocs\ci4\admin_template\system\View\View.php(246): include()
#1 D:\xampp-7.4.10\htdocs\ci4\admin_template\system\Common.php(1119): CodeIgniter\View\View->render('themes/modern/b...', Array, true)
#2 D:\xampp-7.4.10\htdocs\ci4\admin_template\app\Controllers\BaseController.php(238): view('themes/modern/b...', Array)
#3 D:\xampp-7.4.10\htdocs\ci4\admin_template\app\Controllers\Input_Dinamis.php(64): App\Controllers\BaseController->view('builtin/role-fo...', Array)
#4 D:\xampp-7.4.10\htdocs\ci4\admin_template\system\CodeIgniter.php(918): App\Controllers\Input_Dinamis->add()
#5 D:\xampp-7.4.10\htdocs\ci4\admin_template\system\CodeIgniter.php(404): CodeIgniter\CodeIgniter->runController(Object(App\Controllers\Input_Dinamis))
#6 D:\xampp-7.4.10\htdocs\ci4\admin_template\system\CodeIgniter.php(312): CodeIgniter\CodeIgniter->handleRequest(NULL, Object(Config\Cache), false)
#7 D:\xampp-7.4.10\htdocs\ci4\admin_template\index.php(46): CodeIgniter\CodeIgniter->run()
#8 {main}
CRITICAL - 2020-11-14 08:26:00 --> include(app/helpers/html.php): failed to open stream: No such file or directory
#0 D:\xampp-7.4.10\htdocs\ci4\admin_template\app\Views\themes\modern\penghadap-form.php(8): CodeIgniter\Debug\Exceptions->errorHandler(2, 'include(app/hel...', 'D:\\xampp-7.4.10...', 8, Array)
#1 D:\xampp-7.4.10\htdocs\ci4\admin_template\app\Views\themes\modern\penghadap-form.php(8): include()
#2 D:\xampp-7.4.10\htdocs\ci4\admin_template\system\View\View.php(246): include('D:\\xampp-7.4.10...')
#3 D:\xampp-7.4.10\htdocs\ci4\admin_template\system\Common.php(1119): CodeIgniter\View\View->render('themes/modern/p...', Array, true)
#4 D:\xampp-7.4.10\htdocs\ci4\admin_template\app\Controllers\BaseController.php(238): view('themes/modern/p...', Array)
#5 D:\xampp-7.4.10\htdocs\ci4\admin_template\app\Controllers\Input_Dinamis.php(126): App\Controllers\BaseController->view('penghadap-form....', Array)
#6 D:\xampp-7.4.10\htdocs\ci4\admin_template\system\CodeIgniter.php(918): App\Controllers\Input_Dinamis->add()
#7 D:\xampp-7.4.10\htdocs\ci4\admin_template\system\CodeIgniter.php(404): CodeIgniter\CodeIgniter->runController(Object(App\Controllers\Input_Dinamis))
#8 D:\xampp-7.4.10\htdocs\ci4\admin_template\system\CodeIgniter.php(312): CodeIgniter\CodeIgniter->handleRequest(NULL, Object(Config\Cache), false)
#9 D:\xampp-7.4.10\htdocs\ci4\admin_template\index.php(46): CodeIgniter\CodeIgniter->run()
#10 {main}
CRITICAL - 2020-11-14 08:26:28 --> Trying to access array offset on value of type null
#0 D:\xampp-7.4.10\htdocs\ci4\admin_template\app\Helpers\util_helper.php(85): CodeIgniter\Debug\Exceptions->errorHandler(8, 'Trying to acces...', 'D:\\xampp-7.4.10...', 85, Array)
#1 D:\xampp-7.4.10\htdocs\ci4\admin_template\app\Views\themes\modern\penghadap-form.php(14): module_url()
#2 D:\xampp-7.4.10\htdocs\ci4\admin_template\system\View\View.php(246): include('D:\\xampp-7.4.10...')
#3 D:\xampp-7.4.10\htdocs\ci4\admin_template\system\Common.php(1119): CodeIgniter\View\View->render('themes/modern/p...', Array, true)
#4 D:\xampp-7.4.10\htdocs\ci4\admin_template\app\Controllers\BaseController.php(238): view('themes/modern/p...', Array)
#5 D:\xampp-7.4.10\htdocs\ci4\admin_template\app\Controllers\Input_Dinamis.php(126): App\Controllers\BaseController->view('penghadap-form....', Array)
#6 D:\xampp-7.4.10\htdocs\ci4\admin_template\system\CodeIgniter.php(918): App\Controllers\Input_Dinamis->add()
#7 D:\xampp-7.4.10\htdocs\ci4\admin_template\system\CodeIgniter.php(404): CodeIgniter\CodeIgniter->runController(Object(App\Controllers\Input_Dinamis))
#8 D:\xampp-7.4.10\htdocs\ci4\admin_template\system\CodeIgniter.php(312): CodeIgniter\CodeIgniter->handleRequest(NULL, Object(Config\Cache), false)
#9 D:\xampp-7.4.10\htdocs\ci4\admin_template\index.php(46): CodeIgniter\CodeIgniter->run()
#10 {main}
CRITICAL - 2020-11-14 08:27:29 --> Trying to access array offset on value of type null
#0 D:\xampp-7.4.10\htdocs\ci4\admin_template\app\Helpers\util_helper.php(85): CodeIgniter\Debug\Exceptions->errorHandler(8, 'Trying to acces...', 'D:\\xampp-7.4.10...', 85, Array)
#1 D:\xampp-7.4.10\htdocs\ci4\admin_template\app\Views\themes\modern\penghadap-form.php(20): module_url()
#2 D:\xampp-7.4.10\htdocs\ci4\admin_template\system\View\View.php(246): include('D:\\xampp-7.4.10...')
#3 D:\xampp-7.4.10\htdocs\ci4\admin_template\system\Common.php(1119): CodeIgniter\View\View->render('themes/modern/p...', Array, true)
#4 D:\xampp-7.4.10\htdocs\ci4\admin_template\app\Controllers\BaseController.php(238): view('themes/modern/p...', Array)
#5 D:\xampp-7.4.10\htdocs\ci4\admin_template\app\Controllers\Input_Dinamis.php(126): App\Controllers\BaseController->view('penghadap-form....', Array)
#6 D:\xampp-7.4.10\htdocs\ci4\admin_template\system\CodeIgniter.php(918): App\Controllers\Input_Dinamis->add()
#7 D:\xampp-7.4.10\htdocs\ci4\admin_template\system\CodeIgniter.php(404): CodeIgniter\CodeIgniter->runController(Object(App\Controllers\Input_Dinamis))
#8 D:\xampp-7.4.10\htdocs\ci4\admin_template\system\CodeIgniter.php(312): CodeIgniter\CodeIgniter->handleRequest(NULL, Object(Config\Cache), false)
#9 D:\xampp-7.4.10\htdocs\ci4\admin_template\index.php(46): CodeIgniter\CodeIgniter->run()
#10 {main}
CRITICAL - 2020-11-14 08:27:47 --> Undefined variable: app_module
#0 D:\xampp-7.4.10\htdocs\ci4\admin_template\app\Views\themes\modern\penghadap-form.php(22): CodeIgniter\Debug\Exceptions->errorHandler(8, 'Undefined varia...', 'D:\\xampp-7.4.10...', 22, Array)
#1 D:\xampp-7.4.10\htdocs\ci4\admin_template\system\View\View.php(246): include('D:\\xampp-7.4.10...')
#2 D:\xampp-7.4.10\htdocs\ci4\admin_template\system\Common.php(1119): CodeIgniter\View\View->render('themes/modern/p...', Array, true)
#3 D:\xampp-7.4.10\htdocs\ci4\admin_template\app\Controllers\BaseController.php(238): view('themes/modern/p...', Array)
#4 D:\xampp-7.4.10\htdocs\ci4\admin_template\app\Controllers\Input_Dinamis.php(126): App\Controllers\BaseController->view('penghadap-form....', Array)
#5 D:\xampp-7.4.10\htdocs\ci4\admin_template\system\CodeIgniter.php(918): App\Controllers\Input_Dinamis->add()
#6 D:\xampp-7.4.10\htdocs\ci4\admin_template\system\CodeIgniter.php(404): CodeIgniter\CodeIgniter->runController(Object(App\Controllers\Input_Dinamis))
#7 D:\xampp-7.4.10\htdocs\ci4\admin_template\system\CodeIgniter.php(312): CodeIgniter\CodeIgniter->handleRequest(NULL, Object(Config\Cache), false)
#8 D:\xampp-7.4.10\htdocs\ci4\admin_template\index.php(46): CodeIgniter\CodeIgniter->run()
#9 {main}
CRITICAL - 2020-11-14 08:28:10 --> Call to undefined function set_value()
#0 D:\xampp-7.4.10\htdocs\ci4\admin_template\system\View\View.php(246): include()
#1 D:\xampp-7.4.10\htdocs\ci4\admin_template\system\Common.php(1119): CodeIgniter\View\View->render('themes/modern/p...', Array, true)
#2 D:\xampp-7.4.10\htdocs\ci4\admin_template\app\Controllers\BaseController.php(238): view('themes/modern/p...', Array)
#3 D:\xampp-7.4.10\htdocs\ci4\admin_template\app\Controllers\Input_Dinamis.php(126): App\Controllers\BaseController->view('penghadap-form....', Array)
#4 D:\xampp-7.4.10\htdocs\ci4\admin_template\system\CodeIgniter.php(918): App\Controllers\Input_Dinamis->add()
#5 D:\xampp-7.4.10\htdocs\ci4\admin_template\system\CodeIgniter.php(404): CodeIgniter\CodeIgniter->runController(Object(App\Controllers\Input_Dinamis))
#6 D:\xampp-7.4.10\htdocs\ci4\admin_template\system\CodeIgniter.php(312): CodeIgniter\CodeIgniter->handleRequest(NULL, Object(Config\Cache), false)
#7 D:\xampp-7.4.10\htdocs\ci4\admin_template\index.php(46): CodeIgniter\CodeIgniter->run()
#8 {main}
CRITICAL - 2020-11-14 08:28:26 --> Argument 2 passed to set_value() must be of the type string, null given, called in D:\xampp-7.4.10\htdocs\ci4\admin_template\app\Views\themes\modern\penghadap-form.php on line 41
#0 D:\xampp-7.4.10\htdocs\ci4\admin_template\app\Views\themes\modern\penghadap-form.php(41): set_value('jenis_kelamin[0...', NULL)
#1 D:\xampp-7.4.10\htdocs\ci4\admin_template\system\View\View.php(246): include('D:\\xampp-7.4.10...')
#2 D:\xampp-7.4.10\htdocs\ci4\admin_template\system\Common.php(1119): CodeIgniter\View\View->render('themes/modern/p...', Array, true)
#3 D:\xampp-7.4.10\htdocs\ci4\admin_template\app\Controllers\BaseController.php(238): view('themes/modern/p...', Array)
#4 D:\xampp-7.4.10\htdocs\ci4\admin_template\app\Controllers\Input_Dinamis.php(126): App\Controllers\BaseController->view('penghadap-form....', Array)
#5 D:\xampp-7.4.10\htdocs\ci4\admin_template\system\CodeIgniter.php(918): App\Controllers\Input_Dinamis->add()
#6 D:\xampp-7.4.10\htdocs\ci4\admin_template\system\CodeIgniter.php(404): CodeIgniter\CodeIgniter->runController(Object(App\Controllers\Input_Dinamis))
#7 D:\xampp-7.4.10\htdocs\ci4\admin_template\system\CodeIgniter.php(312): CodeIgniter\CodeIgniter->handleRequest(NULL, Object(Config\Cache), false)
#8 D:\xampp-7.4.10\htdocs\ci4\admin_template\index.php(46): CodeIgniter\CodeIgniter->run()
#9 {main}
CRITICAL - 2020-11-14 08:29:45 --> Call to undefined function set_value()
#0 D:\xampp-7.4.10\htdocs\ci4\admin_template\system\View\View.php(246): include()
#1 D:\xampp-7.4.10\htdocs\ci4\admin_template\system\Common.php(1119): CodeIgniter\View\View->render('themes/modern/p...', Array, true)
#2 D:\xampp-7.4.10\htdocs\ci4\admin_template\app\Controllers\BaseController.php(238): view('themes/modern/p...', Array)
#3 D:\xampp-7.4.10\htdocs\ci4\admin_template\app\Controllers\Input_Dinamis.php(126): App\Controllers\BaseController->view('penghadap-form....', Array)
#4 D:\xampp-7.4.10\htdocs\ci4\admin_template\system\CodeIgniter.php(918): App\Controllers\Input_Dinamis->add()
#5 D:\xampp-7.4.10\htdocs\ci4\admin_template\system\CodeIgniter.php(404): CodeIgniter\CodeIgniter->runController(Object(App\Controllers\Input_Dinamis))
#6 D:\xampp-7.4.10\htdocs\ci4\admin_template\system\CodeIgniter.php(312): CodeIgniter\CodeIgniter->handleRequest(NULL, Object(Config\Cache), false)
#7 D:\xampp-7.4.10\htdocs\ci4\admin_template\index.php(46): CodeIgniter\CodeIgniter->run()
#8 {main}
CRITICAL - 2020-11-14 08:30:09 --> Call to undefined function set_value()
#0 D:\xampp-7.4.10\htdocs\ci4\admin_template\system\View\View.php(246): include()
#1 D:\xampp-7.4.10\htdocs\ci4\admin_template\system\Common.php(1119): CodeIgniter\View\View->render('themes/modern/p...', Array, true)
#2 D:\xampp-7.4.10\htdocs\ci4\admin_template\app\Controllers\BaseController.php(238): view('themes/modern/p...', Array)
#3 D:\xampp-7.4.10\htdocs\ci4\admin_template\app\Controllers\Input_Dinamis.php(126): App\Controllers\BaseController->view('penghadap-form....', Array)
#4 D:\xampp-7.4.10\htdocs\ci4\admin_template\system\CodeIgniter.php(918): App\Controllers\Input_Dinamis->add()
#5 D:\xampp-7.4.10\htdocs\ci4\admin_template\system\CodeIgniter.php(404): CodeIgniter\CodeIgniter->runController(Object(App\Controllers\Input_Dinamis))
#6 D:\xampp-7.4.10\htdocs\ci4\admin_template\system\CodeIgniter.php(312): CodeIgniter\CodeIgniter->handleRequest(NULL, Object(Config\Cache), false)
#7 D:\xampp-7.4.10\htdocs\ci4\admin_template\index.php(46): CodeIgniter\CodeIgniter->run()
#8 {main}
CRITICAL - 2020-11-14 08:30:51 --> Cannot redeclare nama_bulan() (previously declared in D:\xampp-7.4.10\htdocs\ci4\admin_template\app\Helpers\util_helper.php:268)
#0 [internal function]: CodeIgniter\Debug\Exceptions->shutdownHandler()
#1 {main}
CRITICAL - 2020-11-14 08:31:34 --> Undefined index: action
#0 D:\xampp-7.4.10\htdocs\ci4\admin_template\app\Views\themes\modern\penghadap-form.php(54): CodeIgniter\Debug\Exceptions->errorHandler(8, 'Undefined index...', 'D:\\xampp-7.4.10...', 54, Array)
#1 D:\xampp-7.4.10\htdocs\ci4\admin_template\system\View\View.php(246): include('D:\\xampp-7.4.10...')
#2 D:\xampp-7.4.10\htdocs\ci4\admin_template\system\Common.php(1119): CodeIgniter\View\View->render('themes/modern/p...', '\r\n\t<select name...', true)
#3 D:\xampp-7.4.10\htdocs\ci4\admin_template\app\Controllers\BaseController.php(238): view('themes/modern/p...', Array)
#4 D:\xampp-7.4.10\htdocs\ci4\admin_template\app\Controllers\Input_Dinamis.php(126): App\Controllers\BaseController->view('penghadap-form....', Array)
#5 D:\xampp-7.4.10\htdocs\ci4\admin_template\system\CodeIgniter.php(918): App\Controllers\Input_Dinamis->add()
#6 D:\xampp-7.4.10\htdocs\ci4\admin_template\system\CodeIgniter.php(404): CodeIgniter\CodeIgniter->runController(Object(App\Controllers\Input_Dinamis))
#7 D:\xampp-7.4.10\htdocs\ci4\admin_template\system\CodeIgniter.php(312): CodeIgniter\CodeIgniter->handleRequest(NULL, Object(Config\Cache), false)
#8 D:\xampp-7.4.10\htdocs\ci4\admin_template\index.php(46): CodeIgniter\CodeIgniter->run()
#9 {main}
CRITICAL - 2020-11-14 08:33:01 --> Undefined property: CodeIgniter\View\View::$router
#0 D:\xampp-7.4.10\htdocs\ci4\admin_template\app\Views\themes\modern\penghadap-form.php(54): CodeIgniter\Debug\Exceptions->errorHandler(8, 'Undefined prope...', 'D:\\xampp-7.4.10...', 54, Array)
#1 D:\xampp-7.4.10\htdocs\ci4\admin_template\system\View\View.php(246): include('D:\\xampp-7.4.10...')
#2 D:\xampp-7.4.10\htdocs\ci4\admin_template\system\Common.php(1119): CodeIgniter\View\View->render('themes/modern/p...', '\r\n\t<select name...', true)
#3 D:\xampp-7.4.10\htdocs\ci4\admin_template\app\Controllers\BaseController.php(238): view('themes/modern/p...', Array)
#4 D:\xampp-7.4.10\htdocs\ci4\admin_template\app\Controllers\Input_Dinamis.php(126): App\Controllers\BaseController->view('penghadap-form....', Array)
#5 D:\xampp-7.4.10\htdocs\ci4\admin_template\system\CodeIgniter.php(918): App\Controllers\Input_Dinamis->add()
#6 D:\xampp-7.4.10\htdocs\ci4\admin_template\system\CodeIgniter.php(404): CodeIgniter\CodeIgniter->runController(Object(App\Controllers\Input_Dinamis))
#7 D:\xampp-7.4.10\htdocs\ci4\admin_template\system\CodeIgniter.php(312): CodeIgniter\CodeIgniter->handleRequest(NULL, Object(Config\Cache), false)
#8 D:\xampp-7.4.10\htdocs\ci4\admin_template\index.php(46): CodeIgniter\CodeIgniter->run()
#9 {main}
CRITICAL - 2020-11-14 08:34:10 --> Undefined property: CodeIgniter\View\View::$router
#0 D:\xampp-7.4.10\htdocs\ci4\admin_template\app\Views\themes\modern\penghadap-form.php(54): CodeIgniter\Debug\Exceptions->errorHandler(8, 'Undefined prope...', 'D:\\xampp-7.4.10...', 54, Array)
#1 D:\xampp-7.4.10\htdocs\ci4\admin_template\system\View\View.php(246): include('D:\\xampp-7.4.10...')
#2 D:\xampp-7.4.10\htdocs\ci4\admin_template\system\Common.php(1119): CodeIgniter\View\View->render('themes/modern/p...', '\r\n\t<select name...', true)
#3 D:\xampp-7.4.10\htdocs\ci4\admin_template\app\Controllers\BaseController.php(239): view('themes/modern/p...', Array)
#4 D:\xampp-7.4.10\htdocs\ci4\admin_template\app\Controllers\Input_Dinamis.php(126): App\Controllers\BaseController->view('penghadap-form....', Array)
#5 D:\xampp-7.4.10\htdocs\ci4\admin_template\system\CodeIgniter.php(918): App\Controllers\Input_Dinamis->add()
#6 D:\xampp-7.4.10\htdocs\ci4\admin_template\system\CodeIgniter.php(404): CodeIgniter\CodeIgniter->runController(Object(App\Controllers\Input_Dinamis))
#7 D:\xampp-7.4.10\htdocs\ci4\admin_template\system\CodeIgniter.php(312): CodeIgniter\CodeIgniter->handleRequest(NULL, Object(Config\Cache), false)
#8 D:\xampp-7.4.10\htdocs\ci4\admin_template\index.php(46): CodeIgniter\CodeIgniter->run()
#9 {main}
CRITICAL - 2020-11-14 08:34:37 --> Call to undefined method CodeIgniter\Router\Router::fetch_method()
#0 D:\xampp-7.4.10\htdocs\ci4\admin_template\system\View\View.php(246): include()
#1 D:\xampp-7.4.10\htdocs\ci4\admin_template\system\Common.php(1119): CodeIgniter\View\View->render('themes/modern/p...', '\r\n\t<select name...', true)
#2 D:\xampp-7.4.10\htdocs\ci4\admin_template\app\Controllers\BaseController.php(239): view('themes/modern/p...', Array)
#3 D:\xampp-7.4.10\htdocs\ci4\admin_template\app\Controllers\Input_Dinamis.php(126): App\Controllers\BaseController->view('penghadap-form....', Array)
#4 D:\xampp-7.4.10\htdocs\ci4\admin_template\system\CodeIgniter.php(918): App\Controllers\Input_Dinamis->add()
#5 D:\xampp-7.4.10\htdocs\ci4\admin_template\system\CodeIgniter.php(404): CodeIgniter\CodeIgniter->runController(Object(App\Controllers\Input_Dinamis))
#6 D:\xampp-7.4.10\htdocs\ci4\admin_template\system\CodeIgniter.php(312): CodeIgniter\CodeIgniter->handleRequest(NULL, Object(Config\Cache), false)
#7 D:\xampp-7.4.10\htdocs\ci4\admin_template\index.php(46): CodeIgniter\CodeIgniter->run()
#8 {main}
CRITICAL - 2020-11-14 08:38:50 --> Call to undefined method CodeIgniter\Router\Router::fetchMethod()
#0 D:\xampp-7.4.10\htdocs\ci4\admin_template\system\View\View.php(246): include()
#1 D:\xampp-7.4.10\htdocs\ci4\admin_template\system\Common.php(1119): CodeIgniter\View\View->render('themes/modern/p...', '\r\n\t<select name...', true)
#2 D:\xampp-7.4.10\htdocs\ci4\admin_template\app\Controllers\BaseController.php(239): view('themes/modern/p...', Array)
#3 D:\xampp-7.4.10\htdocs\ci4\admin_template\app\Controllers\Input_Dinamis.php(126): App\Controllers\BaseController->view('penghadap-form....', Array)
#4 D:\xampp-7.4.10\htdocs\ci4\admin_template\system\CodeIgniter.php(918): App\Controllers\Input_Dinamis->add()
#5 D:\xampp-7.4.10\htdocs\ci4\admin_template\system\CodeIgniter.php(404): CodeIgniter\CodeIgniter->runController(Object(App\Controllers\Input_Dinamis))
#6 D:\xampp-7.4.10\htdocs\ci4\admin_template\system\CodeIgniter.php(312): CodeIgniter\CodeIgniter->handleRequest(NULL, Object(Config\Cache), false)
#7 D:\xampp-7.4.10\htdocs\ci4\admin_template\index.php(46): CodeIgniter\CodeIgniter->run()
#8 {main}
CRITICAL - 2020-11-14 08:41:16 --> App\Controllers\Input_Dinamis::add(): Failed opening required 'app/libraries/form_validation.php' (include_path='D:\xampp-7.4.10\php\PEAR')
#0 [internal function]: CodeIgniter\Debug\Exceptions->shutdownHandler()
#1 {main}
CRITICAL - 2020-11-14 08:54:03 --> trim() expects parameter 1 to be string, array given
#0 [internal function]: CodeIgniter\Debug\Exceptions->errorHandler(2, 'trim() expects ...', 'D:\\xampp-7.4.10...', 309, Array)
#1 D:\xampp-7.4.10\htdocs\ci4\admin_template\system\Validation\Validation.php(309): trim(Array)
#2 D:\xampp-7.4.10\htdocs\ci4\admin_template\system\Validation\Validation.php(189): CodeIgniter\Validation\Validation->processRules('nama_penghadap', 'Nama Penghadap', Array, Array, Array)
#3 D:\xampp-7.4.10\htdocs\ci4\admin_template\app\Controllers\Input_Dinamis.php(157): CodeIgniter\Validation\Validation->run()
#4 D:\xampp-7.4.10\htdocs\ci4\admin_template\app\Controllers\Input_Dinamis.php(61): App\Controllers\Input_Dinamis->validateForm()
#5 D:\xampp-7.4.10\htdocs\ci4\admin_template\system\CodeIgniter.php(918): App\Controllers\Input_Dinamis->add()
#6 D:\xampp-7.4.10\htdocs\ci4\admin_template\system\CodeIgniter.php(404): CodeIgniter\CodeIgniter->runController(Object(App\Controllers\Input_Dinamis))
#7 D:\xampp-7.4.10\htdocs\ci4\admin_template\system\CodeIgniter.php(312): CodeIgniter\CodeIgniter->handleRequest(NULL, Object(Config\Cache), false)
#8 D:\xampp-7.4.10\htdocs\ci4\admin_template\index.php(46): CodeIgniter\CodeIgniter->run()
#9 {main}
CRITICAL - 2020-11-14 08:55:22 --> Undefined variable: query
#0 D:\xampp-7.4.10\htdocs\ci4\admin_template\app\Controllers\Input_Dinamis.php(71): CodeIgniter\Debug\Exceptions->errorHandler(8, 'Undefined varia...', 'D:\\xampp-7.4.10...', 71, Array)
#1 D:\xampp-7.4.10\htdocs\ci4\admin_template\system\CodeIgniter.php(918): App\Controllers\Input_Dinamis->add()
#2 D:\xampp-7.4.10\htdocs\ci4\admin_template\system\CodeIgniter.php(404): CodeIgniter\CodeIgniter->runController(Object(App\Controllers\Input_Dinamis))
#3 D:\xampp-7.4.10\htdocs\ci4\admin_template\system\CodeIgniter.php(312): CodeIgniter\CodeIgniter->handleRequest(NULL, Object(Config\Cache), false)
#4 D:\xampp-7.4.10\htdocs\ci4\admin_template\index.php(46): CodeIgniter\CodeIgniter->run()
#5 {main}
CRITICAL - 2020-11-14 09:00:31 --> Undefined variable: db
#0 D:\xampp-7.4.10\htdocs\ci4\admin_template\app\Models\InputDinamisModel.php(14): CodeIgniter\Debug\Exceptions->errorHandler(8, 'Undefined varia...', 'D:\\xampp-7.4.10...', 14, Array)
#1 D:\xampp-7.4.10\htdocs\ci4\admin_template\app\Controllers\Input_Dinamis.php(108): App\Models\InputDinamisModel->getPenghadapById()
#2 D:\xampp-7.4.10\htdocs\ci4\admin_template\system\CodeIgniter.php(918): App\Controllers\Input_Dinamis->edit()
#3 D:\xampp-7.4.10\htdocs\ci4\admin_template\system\CodeIgniter.php(404): CodeIgniter\CodeIgniter->runController(Object(App\Controllers\Input_Dinamis))
#4 D:\xampp-7.4.10\htdocs\ci4\admin_template\system\CodeIgniter.php(312): CodeIgniter\CodeIgniter->handleRequest(NULL, Object(Config\Cache), false)
#5 D:\xampp-7.4.10\htdocs\ci4\admin_template\index.php(46): CodeIgniter\CodeIgniter->run()
#6 {main}
CRITICAL - 2020-11-14 09:00:40 --> Call to undefined method CodeIgniter\Database\MySQLi\Result::result()
#0 D:\xampp-7.4.10\htdocs\ci4\admin_template\app\Controllers\Input_Dinamis.php(108): App\Models\InputDinamisModel->getPenghadapById()
#1 D:\xampp-7.4.10\htdocs\ci4\admin_template\system\CodeIgniter.php(918): App\Controllers\Input_Dinamis->edit()
#2 D:\xampp-7.4.10\htdocs\ci4\admin_template\system\CodeIgniter.php(404): CodeIgniter\CodeIgniter->runController(Object(App\Controllers\Input_Dinamis))
#3 D:\xampp-7.4.10\htdocs\ci4\admin_template\system\CodeIgniter.php(312): CodeIgniter\CodeIgniter->handleRequest(NULL, Object(Config\Cache), false)
#4 D:\xampp-7.4.10\htdocs\ci4\admin_template\index.php(46): CodeIgniter\CodeIgniter->run()
#5 {main}
CRITICAL - 2020-11-14 10:30:41 --> Undefined variable: db
#0 D:\xampp-7.4.10\htdocs\ci4\admin_template\app\Models\OptionsDinamisModel.php(23): CodeIgniter\Debug\Exceptions->errorHandler(8, 'Undefined varia...', 'D:\\xampp-7.4.10...', 23, Array)
#1 D:\xampp-7.4.10\htdocs\ci4\admin_template\app\Controllers\Options_Dinamis.php(44): App\Models\OptionsDinamisModel->getData()
#2 D:\xampp-7.4.10\htdocs\ci4\admin_template\system\CodeIgniter.php(918): App\Controllers\Options_Dinamis->index()
#3 D:\xampp-7.4.10\htdocs\ci4\admin_template\system\CodeIgniter.php(404): CodeIgniter\CodeIgniter->runController(Object(App\Controllers\Options_Dinamis))
#4 D:\xampp-7.4.10\htdocs\ci4\admin_template\system\CodeIgniter.php(312): CodeIgniter\CodeIgniter->handleRequest(NULL, Object(Config\Cache), false)
#5 D:\xampp-7.4.10\htdocs\ci4\admin_template\index.php(46): CodeIgniter\CodeIgniter->run()
#6 {main}
CRITICAL - 2020-11-14 10:30:54 --> Call to undefined method CodeIgniter\Database\MySQLi\Result::result()
#0 D:\xampp-7.4.10\htdocs\ci4\admin_template\app\Controllers\Options_Dinamis.php(44): App\Models\OptionsDinamisModel->getData()
#1 D:\xampp-7.4.10\htdocs\ci4\admin_template\system\CodeIgniter.php(918): App\Controllers\Options_Dinamis->index()
#2 D:\xampp-7.4.10\htdocs\ci4\admin_template\system\CodeIgniter.php(404): CodeIgniter\CodeIgniter->runController(Object(App\Controllers\Options_Dinamis))
#3 D:\xampp-7.4.10\htdocs\ci4\admin_template\system\CodeIgniter.php(312): CodeIgniter\CodeIgniter->handleRequest(NULL, Object(Config\Cache), false)
#4 D:\xampp-7.4.10\htdocs\ci4\admin_template\index.php(46): CodeIgniter\CodeIgniter->run()
#5 {main}
CRITICAL - 2020-11-14 10:31:08 --> Undefined variable: app_module
#0 D:\xampp-7.4.10\htdocs\ci4\admin_template\app\Views\themes\modern\options-dinamis-result.php(3): CodeIgniter\Debug\Exceptions->errorHandler(8, 'Undefined varia...', 'D:\\xampp-7.4.10...', 3, Array)
#1 D:\xampp-7.4.10\htdocs\ci4\admin_template\system\View\View.php(246): include('D:\\xampp-7.4.10...')
#2 D:\xampp-7.4.10\htdocs\ci4\admin_template\system\Common.php(1119): CodeIgniter\View\View->render('themes/modern/o...', Array, true)
#3 D:\xampp-7.4.10\htdocs\ci4\admin_template\app\Controllers\BaseController.php(239): view('themes/modern/o...', Array)
#4 D:\xampp-7.4.10\htdocs\ci4\admin_template\app\Controllers\Options_Dinamis.php(51): App\Controllers\BaseController->view('options-dinamis...', Array)
#5 D:\xampp-7.4.10\htdocs\ci4\admin_template\system\CodeIgniter.php(918): App\Controllers\Options_Dinamis->index()
#6 D:\xampp-7.4.10\htdocs\ci4\admin_template\system\CodeIgniter.php(404): CodeIgniter\CodeIgniter->runController(Object(App\Controllers\Options_Dinamis))
#7 D:\xampp-7.4.10\htdocs\ci4\admin_template\system\CodeIgniter.php(312): CodeIgniter\CodeIgniter->handleRequest(NULL, Object(Config\Cache), false)
#8 D:\xampp-7.4.10\htdocs\ci4\admin_template\index.php(46): CodeIgniter\CodeIgniter->run()
#9 {main}
CRITICAL - 2020-11-14 10:31:34 --> include(app/helpers/html.php): failed to open stream: No such file or directory
#0 D:\xampp-7.4.10\htdocs\ci4\admin_template\app\Views\themes\modern\options-dinamis-result.php(10): CodeIgniter\Debug\Exceptions->errorHandler(2, 'include(app/hel...', 'D:\\xampp-7.4.10...', 10, Array)
#1 D:\xampp-7.4.10\htdocs\ci4\admin_template\app\Views\themes\modern\options-dinamis-result.php(10): include()
#2 D:\xampp-7.4.10\htdocs\ci4\admin_template\system\View\View.php(246): include('D:\\xampp-7.4.10...')
#3 D:\xampp-7.4.10\htdocs\ci4\admin_template\system\Common.php(1119): CodeIgniter\View\View->render('themes/modern/o...', Array, true)
#4 D:\xampp-7.4.10\htdocs\ci4\admin_template\app\Controllers\BaseController.php(239): view('themes/modern/o...', Array)
#5 D:\xampp-7.4.10\htdocs\ci4\admin_template\app\Controllers\Options_Dinamis.php(51): App\Controllers\BaseController->view('options-dinamis...', Array)
#6 D:\xampp-7.4.10\htdocs\ci4\admin_template\system\CodeIgniter.php(918): App\Controllers\Options_Dinamis->index()
#7 D:\xampp-7.4.10\htdocs\ci4\admin_template\system\CodeIgniter.php(404): CodeIgniter\CodeIgniter->runController(Object(App\Controllers\Options_Dinamis))
#8 D:\xampp-7.4.10\htdocs\ci4\admin_template\system\CodeIgniter.php(312): CodeIgniter\CodeIgniter->handleRequest(NULL, Object(Config\Cache), false)
#9 D:\xampp-7.4.10\htdocs\ci4\admin_template\index.php(46): CodeIgniter\CodeIgniter->run()
#10 {main}
CRITICAL - 2020-11-14 10:31:51 --> CodeIgniter\View\View::main(): Failed opening required 'app/helpers/html.php' (include_path='D:\xampp-7.4.10\php\PEAR')
#0 [internal function]: CodeIgniter\Debug\Exceptions->shutdownHandler()
#1 {main}
CRITICAL - 2020-11-14 10:32:07 --> Use of undefined constant BASE_URL - assumed 'BASE_URL' (this will throw an Error in a future version of PHP)
#0 D:\xampp-7.4.10\htdocs\ci4\admin_template\app\Views\themes\modern\options-dinamis-result.php(47): CodeIgniter\Debug\Exceptions->errorHandler(2, 'Use of undefine...', 'D:\\xampp-7.4.10...', 47, Array)
#1 D:\xampp-7.4.10\htdocs\ci4\admin_template\system\View\View.php(246): include('D:\\xampp-7.4.10...')
#2 D:\xampp-7.4.10\htdocs\ci4\admin_template\system\Common.php(1119): CodeIgniter\View\View->render('themes/modern/o...', Array, true)
#3 D:\xampp-7.4.10\htdocs\ci4\admin_template\app\Controllers\BaseController.php(239): view('themes/modern/o...', Array)
#4 D:\xampp-7.4.10\htdocs\ci4\admin_template\app\Controllers\Options_Dinamis.php(51): App\Controllers\BaseController->view('options-dinamis...', Array)
#5 D:\xampp-7.4.10\htdocs\ci4\admin_template\system\CodeIgniter.php(918): App\Controllers\Options_Dinamis->index()
#6 D:\xampp-7.4.10\htdocs\ci4\admin_template\system\CodeIgniter.php(404): CodeIgniter\CodeIgniter->runController(Object(App\Controllers\Options_Dinamis))
#7 D:\xampp-7.4.10\htdocs\ci4\admin_template\system\CodeIgniter.php(312): CodeIgniter\CodeIgniter->handleRequest(NULL, Object(Config\Cache), false)
#8 D:\xampp-7.4.10\htdocs\ci4\admin_template\index.php(46): CodeIgniter\CodeIgniter->run()
#9 {main}
CRITICAL - 2020-11-14 10:32:27 --> Cannot use object of type Config\App as array
#0 D:\xampp-7.4.10\htdocs\ci4\admin_template\system\View\View.php(246): include()
#1 D:\xampp-7.4.10\htdocs\ci4\admin_template\system\Common.php(1119): CodeIgniter\View\View->render('themes/modern/o...', Array, true)
#2 D:\xampp-7.4.10\htdocs\ci4\admin_template\app\Controllers\BaseController.php(239): view('themes/modern/o...', Array)
#3 D:\xampp-7.4.10\htdocs\ci4\admin_template\app\Controllers\Options_Dinamis.php(51): App\Controllers\BaseController->view('options-dinamis...', Array)
#4 D:\xampp-7.4.10\htdocs\ci4\admin_template\system\CodeIgniter.php(918): App\Controllers\Options_Dinamis->index()
#5 D:\xampp-7.4.10\htdocs\ci4\admin_template\system\CodeIgniter.php(404): CodeIgniter\CodeIgniter->runController(Object(App\Controllers\Options_Dinamis))
#6 D:\xampp-7.4.10\htdocs\ci4\admin_template\system\CodeIgniter.php(312): CodeIgniter\CodeIgniter->handleRequest(NULL, Object(Config\Cache), false)
#7 D:\xampp-7.4.10\htdocs\ci4\admin_template\index.php(46): CodeIgniter\CodeIgniter->run()
#8 {main}
CRITICAL - 2020-11-14 12:38:09 --> You must set the database table to be used with your query.
#0 D:\xampp-7.4.10\htdocs\ci4\admin_template\system\Model.php(1237): CodeIgniter\Database\BaseConnection->table(NULL)
#1 D:\xampp-7.4.10\htdocs\ci4\admin_template\system\Model.php(1816): CodeIgniter\Model->builder()
#2 D:\xampp-7.4.10\htdocs\ci4\admin_template\app\Controllers\Options_Dinamis.php(182): CodeIgniter\Model->__call('getPenghadapByI...', Array)
#3 D:\xampp-7.4.10\htdocs\ci4\admin_template\system\CodeIgniter.php(918): App\Controllers\Options_Dinamis->edit()
#4 D:\xampp-7.4.10\htdocs\ci4\admin_template\system\CodeIgniter.php(404): CodeIgniter\CodeIgniter->runController(Object(App\Controllers\Options_Dinamis))
#5 D:\xampp-7.4.10\htdocs\ci4\admin_template\system\CodeIgniter.php(312): CodeIgniter\CodeIgniter->handleRequest(NULL, Object(Config\Cache), false)
#6 D:\xampp-7.4.10\htdocs\ci4\admin_template\index.php(46): CodeIgniter\CodeIgniter->run()
#7 {main}
CRITICAL - 2020-11-14 12:48:26 --> You must set the database table to be used with your query.
#0 D:\xampp-7.4.10\htdocs\ci4\admin_template\system\Model.php(1237): CodeIgniter\Database\BaseConnection->table(NULL)
#1 D:\xampp-7.4.10\htdocs\ci4\admin_template\system\Model.php(1816): CodeIgniter\Model->builder()
#2 D:\xampp-7.4.10\htdocs\ci4\admin_template\app\Controllers\Options_Dinamis.php(232): CodeIgniter\Model->__call('getPenganggungJ...', Array)
#3 D:\xampp-7.4.10\htdocs\ci4\admin_template\system\CodeIgniter.php(918): App\Controllers\Options_Dinamis->edit()
#4 D:\xampp-7.4.10\htdocs\ci4\admin_template\system\CodeIgniter.php(404): CodeIgniter\CodeIgniter->runController(Object(App\Controllers\Options_Dinamis))
#5 D:\xampp-7.4.10\htdocs\ci4\admin_template\system\CodeIgniter.php(312): CodeIgniter\CodeIgniter->handleRequest(NULL, Object(Config\Cache), false)
#6 D:\xampp-7.4.10\htdocs\ci4\admin_template\index.php(46): CodeIgniter\CodeIgniter->run()
#7 {main}
CRITICAL - 2020-11-14 12:50:19 --> Table 'admin_template_ci.penganggung_jawab' doesn't exist
#0 D:\xampp-7.4.10\htdocs\ci4\admin_template\system\Database\MySQLi\Connection.php(331): mysqli->query('SELECT * FROM p...')
#1 D:\xampp-7.4.10\htdocs\ci4\admin_template\system\Database\BaseConnection.php(741): CodeIgniter\Database\MySQLi\Connection->execute('SELECT * FROM p...')
#2 D:\xampp-7.4.10\htdocs\ci4\admin_template\system\Database\BaseConnection.php(669): CodeIgniter\Database\BaseConnection->simpleQuery('SELECT * FROM p...')
#3 D:\xampp-7.4.10\htdocs\ci4\admin_template\app\Models\OptionsDinamisModel.php(60): CodeIgniter\Database\BaseConnection->query('SELECT * FROM p...')
#4 D:\xampp-7.4.10\htdocs\ci4\admin_template\app\Controllers\Options_Dinamis.php(232): App\Models\OptionsDinamisModel->getPenanggungJawab()
#5 D:\xampp-7.4.10\htdocs\ci4\admin_template\system\CodeIgniter.php(918): App\Controllers\Options_Dinamis->edit()
#6 D:\xampp-7.4.10\htdocs\ci4\admin_template\system\CodeIgniter.php(404): CodeIgniter\CodeIgniter->runController(Object(App\Controllers\Options_Dinamis))
#7 D:\xampp-7.4.10\htdocs\ci4\admin_template\system\CodeIgniter.php(312): CodeIgniter\CodeIgniter->handleRequest(NULL, Object(Config\Cache), false)
#8 D:\xampp-7.4.10\htdocs\ci4\admin_template\index.php(46): CodeIgniter\CodeIgniter->run()
#9 {main}
CRITICAL - 2020-11-14 12:50:40 --> Undefined variable: query
#0 D:\xampp-7.4.10\htdocs\ci4\admin_template\app\Controllers\Options_Dinamis.php(234): CodeIgniter\Debug\Exceptions->errorHandler(8, 'Undefined varia...', 'D:\\xampp-7.4.10...', 234, Array)
#1 D:\xampp-7.4.10\htdocs\ci4\admin_template\system\CodeIgniter.php(918): App\Controllers\Options_Dinamis->edit()
#2 D:\xampp-7.4.10\htdocs\ci4\admin_template\system\CodeIgniter.php(404): CodeIgniter\CodeIgniter->runController(Object(App\Controllers\Options_Dinamis))
#3 D:\xampp-7.4.10\htdocs\ci4\admin_template\system\CodeIgniter.php(312): CodeIgniter\CodeIgniter->handleRequest(NULL, Object(Config\Cache), false)
#4 D:\xampp-7.4.10\htdocs\ci4\admin_template\index.php(46): CodeIgniter\CodeIgniter->run()
#5 {main}
CRITICAL - 2020-11-14 12:50:52 --> Invalid file: themes/modern/options-dinamis-form.php
#0 D:\xampp-7.4.10\htdocs\ci4\admin_template\system\View\View.php(228): CodeIgniter\Exceptions\FrameworkException::forInvalidFile('themes/modern/o...')
#1 D:\xampp-7.4.10\htdocs\ci4\admin_template\system\Common.php(1119): CodeIgniter\View\View->render('themes/modern/o...', Array, true)
#2 D:\xampp-7.4.10\htdocs\ci4\admin_template\app\Controllers\BaseController.php(239): view('themes/modern/o...', Array)
#3 D:\xampp-7.4.10\htdocs\ci4\admin_template\app\Controllers\Options_Dinamis.php(240): App\Controllers\BaseController->view('options-dinamis...', Array)
#4 D:\xampp-7.4.10\htdocs\ci4\admin_template\system\CodeIgniter.php(918): App\Controllers\Options_Dinamis->edit()
#5 D:\xampp-7.4.10\htdocs\ci4\admin_template\system\CodeIgniter.php(404): CodeIgniter\CodeIgniter->runController(Object(App\Controllers\Options_Dinamis))
#6 D:\xampp-7.4.10\htdocs\ci4\admin_template\system\CodeIgniter.php(312): CodeIgniter\CodeIgniter->handleRequest(NULL, Object(Config\Cache), false)
#7 D:\xampp-7.4.10\htdocs\ci4\admin_template\index.php(46): CodeIgniter\CodeIgniter->run()
#8 {main}
CRITICAL - 2020-11-14 12:51:27 --> include(app/helpers/html.php): failed to open stream: No such file or directory
#0 D:\xampp-7.4.10\htdocs\ci4\admin_template\app\Views\themes\modern\options-dinamis-form.php(8): CodeIgniter\Debug\Exceptions->errorHandler(2, 'include(app/hel...', 'D:\\xampp-7.4.10...', 8, Array)
#1 D:\xampp-7.4.10\htdocs\ci4\admin_template\app\Views\themes\modern\options-dinamis-form.php(8): include()
#2 D:\xampp-7.4.10\htdocs\ci4\admin_template\system\View\View.php(246): include('D:\\xampp-7.4.10...')
#3 D:\xampp-7.4.10\htdocs\ci4\admin_template\system\Common.php(1119): CodeIgniter\View\View->render('themes/modern/o...', Array, true)
#4 D:\xampp-7.4.10\htdocs\ci4\admin_template\app\Controllers\BaseController.php(239): view('themes/modern/o...', Array)
#5 D:\xampp-7.4.10\htdocs\ci4\admin_template\app\Controllers\Options_Dinamis.php(240): App\Controllers\BaseController->view('options-dinamis...', Array)
#6 D:\xampp-7.4.10\htdocs\ci4\admin_template\system\CodeIgniter.php(918): App\Controllers\Options_Dinamis->edit()
#7 D:\xampp-7.4.10\htdocs\ci4\admin_template\system\CodeIgniter.php(404): CodeIgniter\CodeIgniter->runController(Object(App\Controllers\Options_Dinamis))
#8 D:\xampp-7.4.10\htdocs\ci4\admin_template\system\CodeIgniter.php(312): CodeIgniter\CodeIgniter->handleRequest(NULL, Object(Config\Cache), false)
#9 D:\xampp-7.4.10\htdocs\ci4\admin_template\index.php(46): CodeIgniter\CodeIgniter->run()
#10 {main}
CRITICAL - 2020-11-14 12:52:10 --> Cannot use object of type Config\App as array
#0 D:\xampp-7.4.10\htdocs\ci4\admin_template\system\View\View.php(246): include()
#1 D:\xampp-7.4.10\htdocs\ci4\admin_template\system\Common.php(1119): CodeIgniter\View\View->render('themes/modern/o...', Array, true)
#2 D:\xampp-7.4.10\htdocs\ci4\admin_template\app\Controllers\BaseController.php(239): view('themes/modern/o...', Array)
#3 D:\xampp-7.4.10\htdocs\ci4\admin_template\app\Controllers\Options_Dinamis.php(240): App\Controllers\BaseController->view('options-dinamis...', Array)
#4 D:\xampp-7.4.10\htdocs\ci4\admin_template\system\CodeIgniter.php(918): App\Controllers\Options_Dinamis->edit()
#5 D:\xampp-7.4.10\htdocs\ci4\admin_template\system\CodeIgniter.php(404): CodeIgniter\CodeIgniter->runController(Object(App\Controllers\Options_Dinamis))
#6 D:\xampp-7.4.10\htdocs\ci4\admin_template\system\CodeIgniter.php(312): CodeIgniter\CodeIgniter->handleRequest(NULL, Object(Config\Cache), false)
#7 D:\xampp-7.4.10\htdocs\ci4\admin_template\index.php(46): CodeIgniter\CodeIgniter->run()
#8 {main}
CRITICAL - 2020-11-14 13:09:17 --> Undefined offset: 1
#0 D:\xampp-7.4.10\htdocs\ci4\admin_template\app\Models\OptionsDinamisModel.php(68): CodeIgniter\Debug\Exceptions->errorHandler(8, 'Undefined offse...', 'D:\\xampp-7.4.10...', 68, Array)
#1 D:\xampp-7.4.10\htdocs\ci4\admin_template\app\Controllers\Options_Dinamis.php(170): App\Models\OptionsDinamisModel->saveData()
#2 D:\xampp-7.4.10\htdocs\ci4\admin_template\system\CodeIgniter.php(918): App\Controllers\Options_Dinamis->edit()
#3 D:\xampp-7.4.10\htdocs\ci4\admin_template\system\CodeIgniter.php(404): CodeIgniter\CodeIgniter->runController(Object(App\Controllers\Options_Dinamis))
#4 D:\xampp-7.4.10\htdocs\ci4\admin_template\system\CodeIgniter.php(312): CodeIgniter\CodeIgniter->handleRequest(NULL, Object(Config\Cache), false)
#5 D:\xampp-7.4.10\htdocs\ci4\admin_template\index.php(46): CodeIgniter\CodeIgniter->run()
#6 {main}
CRITICAL - 2020-11-14 15:13:27 --> Cannot redeclare App\Models\MultipleFileuploadModel::getAkta()
#0 [internal function]: CodeIgniter\Debug\Exceptions->shutdownHandler()
#1 {main}
CRITICAL - 2020-11-14 15:13:42 --> Undefined variable: app_module
#0 D:\xampp-7.4.10\htdocs\ci4\admin_template\app\Views\themes\modern\multiple-fileupload-result.php(3): CodeIgniter\Debug\Exceptions->errorHandler(8, 'Undefined varia...', 'D:\\xampp-7.4.10...', 3, Array)
#1 D:\xampp-7.4.10\htdocs\ci4\admin_template\system\View\View.php(246): include('D:\\xampp-7.4.10...')
#2 D:\xampp-7.4.10\htdocs\ci4\admin_template\system\Common.php(1119): CodeIgniter\View\View->render('themes/modern/m...', Array, true)
#3 D:\xampp-7.4.10\htdocs\ci4\admin_template\app\Controllers\BaseController.php(239): view('themes/modern/m...', Array)
#4 D:\xampp-7.4.10\htdocs\ci4\admin_template\app\Controllers\Multiple_Fileupload.php(52): App\Controllers\BaseController->view('multiple-fileup...', Array)
#5 D:\xampp-7.4.10\htdocs\ci4\admin_template\system\CodeIgniter.php(918): App\Controllers\Multiple_Fileupload->index()
#6 D:\xampp-7.4.10\htdocs\ci4\admin_template\system\CodeIgniter.php(404): CodeIgniter\CodeIgniter->runController(Object(App\Controllers\Multiple_Fileupload))
#7 D:\xampp-7.4.10\htdocs\ci4\admin_template\system\CodeIgniter.php(312): CodeIgniter\CodeIgniter->handleRequest(NULL, Object(Config\Cache), false)
#8 D:\xampp-7.4.10\htdocs\ci4\admin_template\index.php(46): CodeIgniter\CodeIgniter->run()
#9 {main}
CRITICAL - 2020-11-14 15:14:28 --> Use of undefined constant current_url - assumed 'current_url' (this will throw an Error in a future version of PHP)
#0 D:\xampp-7.4.10\htdocs\ci4\admin_template\app\Views\themes\modern\multiple-fileupload-result.php(7): CodeIgniter\Debug\Exceptions->errorHandler(2, 'Use of undefine...', 'D:\\xampp-7.4.10...', 7, Array)
#1 D:\xampp-7.4.10\htdocs\ci4\admin_template\system\View\View.php(246): include('D:\\xampp-7.4.10...')
#2 D:\xampp-7.4.10\htdocs\ci4\admin_template\system\Common.php(1119): CodeIgniter\View\View->render('themes/modern/m...', Array, true)
#3 D:\xampp-7.4.10\htdocs\ci4\admin_template\app\Controllers\BaseController.php(239): view('themes/modern/m...', Array)
#4 D:\xampp-7.4.10\htdocs\ci4\admin_template\app\Controllers\Multiple_Fileupload.php(52): App\Controllers\BaseController->view('multiple-fileup...', Array)
#5 D:\xampp-7.4.10\htdocs\ci4\admin_template\system\CodeIgniter.php(918): App\Controllers\Multiple_Fileupload->index()
#6 D:\xampp-7.4.10\htdocs\ci4\admin_template\system\CodeIgniter.php(404): CodeIgniter\CodeIgniter->runController(Object(App\Controllers\Multiple_Fileupload))
#7 D:\xampp-7.4.10\htdocs\ci4\admin_template\system\CodeIgniter.php(312): CodeIgniter\CodeIgniter->handleRequest(NULL, Object(Config\Cache), false)
#8 D:\xampp-7.4.10\htdocs\ci4\admin_template\index.php(46): CodeIgniter\CodeIgniter->run()
#9 {main}
CRITICAL - 2020-11-14 15:14:36 --> include(app/helpers/html.php): failed to open stream: No such file or directory
#0 D:\xampp-7.4.10\htdocs\ci4\admin_template\app\Views\themes\modern\multiple-fileupload-result.php(10): CodeIgniter\Debug\Exceptions->errorHandler(2, 'include(app/hel...', 'D:\\xampp-7.4.10...', 10, Array)
#1 D:\xampp-7.4.10\htdocs\ci4\admin_template\app\Views\themes\modern\multiple-fileupload-result.php(10): include()
#2 D:\xampp-7.4.10\htdocs\ci4\admin_template\system\View\View.php(246): include('D:\\xampp-7.4.10...')
#3 D:\xampp-7.4.10\htdocs\ci4\admin_template\system\Common.php(1119): CodeIgniter\View\View->render('themes/modern/m...', Array, true)
#4 D:\xampp-7.4.10\htdocs\ci4\admin_template\app\Controllers\BaseController.php(239): view('themes/modern/m...', Array)
#5 D:\xampp-7.4.10\htdocs\ci4\admin_template\app\Controllers\Multiple_Fileupload.php(52): App\Controllers\BaseController->view('multiple-fileup...', Array)
#6 D:\xampp-7.4.10\htdocs\ci4\admin_template\system\CodeIgniter.php(918): App\Controllers\Multiple_Fileupload->index()
#7 D:\xampp-7.4.10\htdocs\ci4\admin_template\system\CodeIgniter.php(404): CodeIgniter\CodeIgniter->runController(Object(App\Controllers\Multiple_Fileupload))
#8 D:\xampp-7.4.10\htdocs\ci4\admin_template\system\CodeIgniter.php(312): CodeIgniter\CodeIgniter->handleRequest(NULL, Object(Config\Cache), false)
#9 D:\xampp-7.4.10\htdocs\ci4\admin_template\index.php(46): CodeIgniter\CodeIgniter->run()
#10 {main}
CRITICAL - 2020-11-14 15:14:57 --> Use of undefined constant BASE_URL - assumed 'BASE_URL' (this will throw an Error in a future version of PHP)
#0 D:\xampp-7.4.10\htdocs\ci4\admin_template\app\Views\themes\modern\multiple-fileupload-result.php(46): CodeIgniter\Debug\Exceptions->errorHandler(2, 'Use of undefine...', 'D:\\xampp-7.4.10...', 46, Array)
#1 D:\xampp-7.4.10\htdocs\ci4\admin_template\system\View\View.php(246): include('D:\\xampp-7.4.10...')
#2 D:\xampp-7.4.10\htdocs\ci4\admin_template\system\Common.php(1119): CodeIgniter\View\View->render('themes/modern/m...', Array, true)
#3 D:\xampp-7.4.10\htdocs\ci4\admin_template\app\Controllers\BaseController.php(239): view('themes/modern/m...', Array)
#4 D:\xampp-7.4.10\htdocs\ci4\admin_template\app\Controllers\Multiple_Fileupload.php(52): App\Controllers\BaseController->view('multiple-fileup...', Array)
#5 D:\xampp-7.4.10\htdocs\ci4\admin_template\system\CodeIgniter.php(918): App\Controllers\Multiple_Fileupload->index()
#6 D:\xampp-7.4.10\htdocs\ci4\admin_template\system\CodeIgniter.php(404): CodeIgniter\CodeIgniter->runController(Object(App\Controllers\Multiple_Fileupload))
#7 D:\xampp-7.4.10\htdocs\ci4\admin_template\system\CodeIgniter.php(312): CodeIgniter\CodeIgniter->handleRequest(NULL, Object(Config\Cache), false)
#8 D:\xampp-7.4.10\htdocs\ci4\admin_template\index.php(46): CodeIgniter\CodeIgniter->run()
#9 {main}
CRITICAL - 2020-11-14 15:33:34 --> Undefined variable: db
#0 D:\xampp-7.4.10\htdocs\ci4\admin_template\app\Controllers\Multiple_Fileupload.php(131): CodeIgniter\Debug\Exceptions->errorHandler(8, 'Undefined varia...', 'D:\\xampp-7.4.10...', 131, Array)
#1 D:\xampp-7.4.10\htdocs\ci4\admin_template\system\CodeIgniter.php(918): App\Controllers\Multiple_Fileupload->add()
#2 D:\xampp-7.4.10\htdocs\ci4\admin_template\system\CodeIgniter.php(404): CodeIgniter\CodeIgniter->runController(Object(App\Controllers\Multiple_Fileupload))
#3 D:\xampp-7.4.10\htdocs\ci4\admin_template\system\CodeIgniter.php(312): CodeIgniter\CodeIgniter->handleRequest(NULL, Object(Config\Cache), false)
#4 D:\xampp-7.4.10\htdocs\ci4\admin_template\index.php(46): CodeIgniter\CodeIgniter->run()
#5 {main}
CRITICAL - 2020-11-14 16:27:52 --> Undefined variable: current_module
#0 D:\xampp-7.4.10\htdocs\ci4\admin_template\app\Views\themes\modern\header.php(11): CodeIgniter\Debug\Exceptions->errorHandler(8, 'Undefined varia...', 'D:\\xampp-7.4.10...', 11, Array)
#1 D:\xampp-7.4.10\htdocs\ci4\admin_template\system\View\View.php(246): include('D:\\xampp-7.4.10...')
#2 D:\xampp-7.4.10\htdocs\ci4\admin_template\system\Common.php(1119): CodeIgniter\View\View->render('themes/modern/h...', Array, true)
#3 D:\xampp-7.4.10\htdocs\ci4\admin_template\app\Controllers\BaseController.php(238): view('themes/modern/h...', Array)
#4 D:\xampp-7.4.10\htdocs\ci4\admin_template\app\Controllers\Multiple_Fileupload.php(221): App\Controllers\BaseController->view('multiple-fileup...', Array)
#5 D:\xampp-7.4.10\htdocs\ci4\admin_template\system\CodeIgniter.php(918): App\Controllers\Multiple_Fileupload->add()
#6 D:\xampp-7.4.10\htdocs\ci4\admin_template\system\CodeIgniter.php(404): CodeIgniter\CodeIgniter->runController(Object(App\Controllers\Multiple_Fileupload))
#7 D:\xampp-7.4.10\htdocs\ci4\admin_template\system\CodeIgniter.php(312): CodeIgniter\CodeIgniter->handleRequest(NULL, Object(Config\Cache), false)
#8 D:\xampp-7.4.10\htdocs\ci4\admin_template\index.php(46): CodeIgniter\CodeIgniter->run()
#9 {main}
CRITICAL - 2020-11-14 16:28:27 --> include(app/helpers/html.php): failed to open stream: No such file or directory
#0 D:\xampp-7.4.10\htdocs\ci4\admin_template\app\Views\themes\modern\multiple-fileupload-form.php(8): CodeIgniter\Debug\Exceptions->errorHandler(2, 'include(app/hel...', 'D:\\xampp-7.4.10...', 8, Array)
#1 D:\xampp-7.4.10\htdocs\ci4\admin_template\app\Views\themes\modern\multiple-fileupload-form.php(8): include()
#2 D:\xampp-7.4.10\htdocs\ci4\admin_template\system\View\View.php(246): include('D:\\xampp-7.4.10...')
#3 D:\xampp-7.4.10\htdocs\ci4\admin_template\system\Common.php(1119): CodeIgniter\View\View->render('themes/modern/m...', Array, true)
#4 D:\xampp-7.4.10\htdocs\ci4\admin_template\app\Controllers\BaseController.php(239): view('themes/modern/m...', Array)
#5 D:\xampp-7.4.10\htdocs\ci4\admin_template\app\Controllers\Multiple_Fileupload.php(223): App\Controllers\BaseController->view('multiple-fileup...', Array)
#6 D:\xampp-7.4.10\htdocs\ci4\admin_template\system\CodeIgniter.php(918): App\Controllers\Multiple_Fileupload->add()
#7 D:\xampp-7.4.10\htdocs\ci4\admin_template\system\CodeIgniter.php(404): CodeIgniter\CodeIgniter->runController(Object(App\Controllers\Multiple_Fileupload))
#8 D:\xampp-7.4.10\htdocs\ci4\admin_template\system\CodeIgniter.php(312): CodeIgniter\CodeIgniter->handleRequest(NULL, Object(Config\Cache), false)
#9 D:\xampp-7.4.10\htdocs\ci4\admin_template\index.php(46): CodeIgniter\CodeIgniter->run()
#10 {main}
CRITICAL - 2020-11-14 16:28:56 --> Trying to access array offset on value of type null
#0 D:\xampp-7.4.10\htdocs\ci4\admin_template\app\Helpers\util_helper.php(138): CodeIgniter\Debug\Exceptions->errorHandler(8, 'Trying to acces...', 'D:\\xampp-7.4.10...', 138, Array)
#1 D:\xampp-7.4.10\htdocs\ci4\admin_template\app\Views\themes\modern\multiple-fileupload-form.php(20): module_url()
#2 D:\xampp-7.4.10\htdocs\ci4\admin_template\system\View\View.php(246): include('D:\\xampp-7.4.10...')
#3 D:\xampp-7.4.10\htdocs\ci4\admin_template\system\Common.php(1119): CodeIgniter\View\View->render('themes/modern/m...', Array, true)
#4 D:\xampp-7.4.10\htdocs\ci4\admin_template\app\Controllers\BaseController.php(239): view('themes/modern/m...', Array)
#5 D:\xampp-7.4.10\htdocs\ci4\admin_template\app\Controllers\Multiple_Fileupload.php(223): App\Controllers\BaseController->view('multiple-fileup...', Array)
#6 D:\xampp-7.4.10\htdocs\ci4\admin_template\system\CodeIgniter.php(918): App\Controllers\Multiple_Fileupload->add()
#7 D:\xampp-7.4.10\htdocs\ci4\admin_template\system\CodeIgniter.php(404): CodeIgniter\CodeIgniter->runController(Object(App\Controllers\Multiple_Fileupload))
#8 D:\xampp-7.4.10\htdocs\ci4\admin_template\system\CodeIgniter.php(312): CodeIgniter\CodeIgniter->handleRequest(NULL, Object(Config\Cache), false)
#9 D:\xampp-7.4.10\htdocs\ci4\admin_template\index.php(46): CodeIgniter\CodeIgniter->run()
#10 {main}
CRITICAL - 2020-11-14 16:33:48 --> [] operator not supported for strings
#0 D:\xampp-7.4.10\htdocs\ci4\admin_template\system\CodeIgniter.php(918): App\Controllers\Multiple_Fileupload->edit()
#1 D:\xampp-7.4.10\htdocs\ci4\admin_template\system\CodeIgniter.php(404): CodeIgniter\CodeIgniter->runController(Object(App\Controllers\Multiple_Fileupload))
#2 D:\xampp-7.4.10\htdocs\ci4\admin_template\system\CodeIgniter.php(312): CodeIgniter\CodeIgniter->handleRequest(NULL, Object(Config\Cache), false)
#3 D:\xampp-7.4.10\htdocs\ci4\admin_template\index.php(46): CodeIgniter\CodeIgniter->run()
#4 {main}
CRITICAL - 2020-11-14 16:34:16 --> [] operator not supported for strings
#0 D:\xampp-7.4.10\htdocs\ci4\admin_template\system\CodeIgniter.php(918): App\Controllers\Multiple_Fileupload->edit()
#1 D:\xampp-7.4.10\htdocs\ci4\admin_template\system\CodeIgniter.php(404): CodeIgniter\CodeIgniter->runController(Object(App\Controllers\Multiple_Fileupload))
#2 D:\xampp-7.4.10\htdocs\ci4\admin_template\system\CodeIgniter.php(312): CodeIgniter\CodeIgniter->handleRequest(NULL, Object(Config\Cache), false)
#3 D:\xampp-7.4.10\htdocs\ci4\admin_template\index.php(46): CodeIgniter\CodeIgniter->run()
#4 {main}
CRITICAL - 2020-11-14 16:36:58 --> [] operator not supported for strings
#0 D:\xampp-7.4.10\htdocs\ci4\admin_template\system\CodeIgniter.php(918): App\Controllers\Multiple_Fileupload->edit()
#1 D:\xampp-7.4.10\htdocs\ci4\admin_template\system\CodeIgniter.php(404): CodeIgniter\CodeIgniter->runController(Object(App\Controllers\Multiple_Fileupload))
#2 D:\xampp-7.4.10\htdocs\ci4\admin_template\system\CodeIgniter.php(312): CodeIgniter\CodeIgniter->handleRequest(NULL, Object(Config\Cache), false)
#3 D:\xampp-7.4.10\htdocs\ci4\admin_template\index.php(46): CodeIgniter\CodeIgniter->run()
#4 {main}
CRITICAL - 2020-11-14 16:37:42 --> [] operator not supported for strings
#0 D:\xampp-7.4.10\htdocs\ci4\admin_template\system\CodeIgniter.php(918): App\Controllers\Multiple_Fileupload->edit()
#1 D:\xampp-7.4.10\htdocs\ci4\admin_template\system\CodeIgniter.php(404): CodeIgniter\CodeIgniter->runController(Object(App\Controllers\Multiple_Fileupload))
#2 D:\xampp-7.4.10\htdocs\ci4\admin_template\system\CodeIgniter.php(312): CodeIgniter\CodeIgniter->handleRequest(NULL, Object(Config\Cache), false)
#3 D:\xampp-7.4.10\htdocs\ci4\admin_template\index.php(46): CodeIgniter\CodeIgniter->run()
#4 {main}
CRITICAL - 2020-11-14 16:38:03 --> Invalid argument supplied for foreach()
#0 D:\xampp-7.4.10\htdocs\ci4\admin_template\app\Views\themes\modern\multiple-fileupload-form.php(124): CodeIgniter\Debug\Exceptions->errorHandler(2, 'Invalid argumen...', 'D:\\xampp-7.4.10...', 124, Array)
#1 D:\xampp-7.4.10\htdocs\ci4\admin_template\system\View\View.php(246): include('D:\\xampp-7.4.10...')
#2 D:\xampp-7.4.10\htdocs\ci4\admin_template\system\Common.php(1119): CodeIgniter\View\View->render('themes/modern/m...', Array, true)
#3 D:\xampp-7.4.10\htdocs\ci4\admin_template\app\Controllers\BaseController.php(239): view('themes/modern/m...', Array)
#4 D:\xampp-7.4.10\htdocs\ci4\admin_template\app\Controllers\Multiple_Fileupload.php(316): App\Controllers\BaseController->view('multiple-fileup...', Array)
#5 D:\xampp-7.4.10\htdocs\ci4\admin_template\system\CodeIgniter.php(918): App\Controllers\Multiple_Fileupload->edit()
#6 D:\xampp-7.4.10\htdocs\ci4\admin_template\system\CodeIgniter.php(404): CodeIgniter\CodeIgniter->runController(Object(App\Controllers\Multiple_Fileupload))
#7 D:\xampp-7.4.10\htdocs\ci4\admin_template\system\CodeIgniter.php(312): CodeIgniter\CodeIgniter->handleRequest(NULL, Object(Config\Cache), false)
#8 D:\xampp-7.4.10\htdocs\ci4\admin_template\index.php(46): CodeIgniter\CodeIgniter->run()
#9 {main}
CRITICAL - 2020-11-14 16:56:33 --> Invalid argument supplied for foreach()
#0 D:\xampp-7.4.10\htdocs\ci4\admin_template\app\Views\themes\modern\multiple-fileupload-form.php(124): CodeIgniter\Debug\Exceptions->errorHandler(2, 'Invalid argumen...', 'D:\\xampp-7.4.10...', 124, Array)
#1 D:\xampp-7.4.10\htdocs\ci4\admin_template\system\View\View.php(246): include('D:\\xampp-7.4.10...')
#2 D:\xampp-7.4.10\htdocs\ci4\admin_template\system\Common.php(1119): CodeIgniter\View\View->render('themes/modern/m...', Array, true)
#3 D:\xampp-7.4.10\htdocs\ci4\admin_template\app\Controllers\BaseController.php(239): view('themes/modern/m...', Array)
#4 D:\xampp-7.4.10\htdocs\ci4\admin_template\app\Controllers\Multiple_Fileupload.php(317): App\Controllers\BaseController->view('multiple-fileup...', Array)
#5 D:\xampp-7.4.10\htdocs\ci4\admin_template\system\CodeIgniter.php(918): App\Controllers\Multiple_Fileupload->edit()
#6 D:\xampp-7.4.10\htdocs\ci4\admin_template\system\CodeIgniter.php(404): CodeIgniter\CodeIgniter->runController(Object(App\Controllers\Multiple_Fileupload))
#7 D:\xampp-7.4.10\htdocs\ci4\admin_template\system\CodeIgniter.php(312): CodeIgniter\CodeIgniter->handleRequest(NULL, Object(Config\Cache), false)
#8 D:\xampp-7.4.10\htdocs\ci4\admin_template\index.php(46): CodeIgniter\CodeIgniter->run()
#9 {main}
CRITICAL - 2020-11-14 16:58:23 --> [] operator not supported for strings
#0 D:\xampp-7.4.10\htdocs\ci4\admin_template\system\CodeIgniter.php(918): App\Controllers\Multiple_Fileupload->edit()
#1 D:\xampp-7.4.10\htdocs\ci4\admin_template\system\CodeIgniter.php(404): CodeIgniter\CodeIgniter->runController(Object(App\Controllers\Multiple_Fileupload))
#2 D:\xampp-7.4.10\htdocs\ci4\admin_template\system\CodeIgniter.php(312): CodeIgniter\CodeIgniter->handleRequest(NULL, Object(Config\Cache), false)
#3 D:\xampp-7.4.10\htdocs\ci4\admin_template\index.php(46): CodeIgniter\CodeIgniter->run()
#4 {main}
CRITICAL - 2020-11-14 16:59:09 --> [] operator not supported for strings
#0 D:\xampp-7.4.10\htdocs\ci4\admin_template\system\CodeIgniter.php(918): App\Controllers\Multiple_Fileupload->edit()
#1 D:\xampp-7.4.10\htdocs\ci4\admin_template\system\CodeIgniter.php(404): CodeIgniter\CodeIgniter->runController(Object(App\Controllers\Multiple_Fileupload))
#2 D:\xampp-7.4.10\htdocs\ci4\admin_template\system\CodeIgniter.php(312): CodeIgniter\CodeIgniter->handleRequest(NULL, Object(Config\Cache), false)
#3 D:\xampp-7.4.10\htdocs\ci4\admin_template\index.php(46): CodeIgniter\CodeIgniter->run()
#4 {main}
CRITICAL - 2020-11-14 17:03:21 --> Cannot use object of type Config\App as array
#0 D:\xampp-7.4.10\htdocs\ci4\admin_template\system\View\View.php(246): include()
#1 D:\xampp-7.4.10\htdocs\ci4\admin_template\system\Common.php(1119): CodeIgniter\View\View->render('themes/modern/m...', Array, true)
#2 D:\xampp-7.4.10\htdocs\ci4\admin_template\app\Controllers\BaseController.php(239): view('themes/modern/m...', Array)
#3 D:\xampp-7.4.10\htdocs\ci4\admin_template\app\Controllers\Multiple_Fileupload.php(238): App\Controllers\BaseController->view('multiple-fileup...', Array)
#4 D:\xampp-7.4.10\htdocs\ci4\admin_template\system\CodeIgniter.php(918): App\Controllers\Multiple_Fileupload->edit()
#5 D:\xampp-7.4.10\htdocs\ci4\admin_template\system\CodeIgniter.php(404): CodeIgniter\CodeIgniter->runController(Object(App\Controllers\Multiple_Fileupload))
#6 D:\xampp-7.4.10\htdocs\ci4\admin_template\system\CodeIgniter.php(312): CodeIgniter\CodeIgniter->handleRequest(NULL, Object(Config\Cache), false)
#7 D:\xampp-7.4.10\htdocs\ci4\admin_template\index.php(46): CodeIgniter\CodeIgniter->run()
#8 {main}
CRITICAL - 2020-11-14 17:04:19 --> Undefined index: minuta
#0 D:\xampp-7.4.10\htdocs\ci4\admin_template\app\Models\MultipleFileuploadModel.php(73): CodeIgniter\Debug\Exceptions->errorHandler(8, 'Undefined index...', 'D:\\xampp-7.4.10...', 73, Array)
#1 D:\xampp-7.4.10\htdocs\ci4\admin_template\app\Controllers\Multiple_Fileupload.php(170): App\Models\MultipleFileuploadModel->saveData()
#2 D:\xampp-7.4.10\htdocs\ci4\admin_template\system\CodeIgniter.php(918): App\Controllers\Multiple_Fileupload->edit()
#3 D:\xampp-7.4.10\htdocs\ci4\admin_template\system\CodeIgniter.php(404): CodeIgniter\CodeIgniter->runController(Object(App\Controllers\Multiple_Fileupload))
#4 D:\xampp-7.4.10\htdocs\ci4\admin_template\system\CodeIgniter.php(312): CodeIgniter\CodeIgniter->handleRequest(NULL, Object(Config\Cache), false)
#5 D:\xampp-7.4.10\htdocs\ci4\admin_template\index.php(46): CodeIgniter\CodeIgniter->run()
#6 {main}
CRITICAL - 2020-11-14 17:04:40 --> Undefined index: minuta
#0 D:\xampp-7.4.10\htdocs\ci4\admin_template\app\Models\MultipleFileuploadModel.php(73): CodeIgniter\Debug\Exceptions->errorHandler(8, 'Undefined index...', 'D:\\xampp-7.4.10...', 73, Array)
#1 D:\xampp-7.4.10\htdocs\ci4\admin_template\app\Controllers\Multiple_Fileupload.php(170): App\Models\MultipleFileuploadModel->saveData()
#2 D:\xampp-7.4.10\htdocs\ci4\admin_template\system\CodeIgniter.php(918): App\Controllers\Multiple_Fileupload->edit()
#3 D:\xampp-7.4.10\htdocs\ci4\admin_template\system\CodeIgniter.php(404): CodeIgniter\CodeIgniter->runController(Object(App\Controllers\Multiple_Fileupload))
#4 D:\xampp-7.4.10\htdocs\ci4\admin_template\system\CodeIgniter.php(312): CodeIgniter\CodeIgniter->handleRequest(NULL, Object(Config\Cache), false)
#5 D:\xampp-7.4.10\htdocs\ci4\admin_template\index.php(46): CodeIgniter\CodeIgniter->run()
#6 {main}
CRITICAL - 2020-11-14 17:09:39 --> Undefined variable: current_module
#0 D:\xampp-7.4.10\htdocs\ci4\admin_template\app\Views\themes\modern\header.php(11): CodeIgniter\Debug\Exceptions->errorHandler(8, 'Undefined varia...', 'D:\\xampp-7.4.10...', 11, Array)
#1 D:\xampp-7.4.10\htdocs\ci4\admin_template\system\View\View.php(246): include('D:\\xampp-7.4.10...')
#2 D:\xampp-7.4.10\htdocs\ci4\admin_template\system\Common.php(1119): CodeIgniter\View\View->render('themes/modern/h...', Array, true)
#3 D:\xampp-7.4.10\htdocs\ci4\admin_template\app\Controllers\BaseController.php(238): view('themes/modern/h...', Array)
#4 D:\xampp-7.4.10\htdocs\ci4\admin_template\app\Controllers\Multiple_Fileupload.php(153): App\Controllers\BaseController->view('multiple-fileup...', Array)
#5 D:\xampp-7.4.10\htdocs\ci4\admin_template\app\Controllers\Multiple_Fileupload.php(161): App\Controllers\Multiple_Fileupload->errorNotFound()
#6 D:\xampp-7.4.10\htdocs\ci4\admin_template\system\CodeIgniter.php(918): App\Controllers\Multiple_Fileupload->edit()
#7 D:\xampp-7.4.10\htdocs\ci4\admin_template\system\CodeIgniter.php(404): CodeIgniter\CodeIgniter->runController(Object(App\Controllers\Multiple_Fileupload))
#8 D:\xampp-7.4.10\htdocs\ci4\admin_template\system\CodeIgniter.php(312): CodeIgniter\CodeIgniter->handleRequest(NULL, Object(Config\Cache), false)
#9 D:\xampp-7.4.10\htdocs\ci4\admin_template\index.php(46): CodeIgniter\CodeIgniter->run()
#10 {main}
CRITICAL - 2020-11-14 17:09:54 --> Undefined variable: penghadap
#0 D:\xampp-7.4.10\htdocs\ci4\admin_template\app\Views\themes\modern\multiple-fileupload-form.php(68): CodeIgniter\Debug\Exceptions->errorHandler(8, 'Undefined varia...', 'D:\\xampp-7.4.10...', 68, Array)
#1 D:\xampp-7.4.10\htdocs\ci4\admin_template\system\View\View.php(246): include('D:\\xampp-7.4.10...')
#2 D:\xampp-7.4.10\htdocs\ci4\admin_template\system\Common.php(1119): CodeIgniter\View\View->render('themes/modern/m...', Array, true)
#3 D:\xampp-7.4.10\htdocs\ci4\admin_template\app\Controllers\BaseController.php(239): view('themes/modern/m...', Array)
#4 D:\xampp-7.4.10\htdocs\ci4\admin_template\app\Controllers\Multiple_Fileupload.php(154): App\Controllers\BaseController->view('multiple-fileup...', Array)
#5 D:\xampp-7.4.10\htdocs\ci4\admin_template\app\Controllers\Multiple_Fileupload.php(162): App\Controllers\Multiple_Fileupload->errorNotFound()
#6 D:\xampp-7.4.10\htdocs\ci4\admin_template\system\CodeIgniter.php(918): App\Controllers\Multiple_Fileupload->edit()
#7 D:\xampp-7.4.10\htdocs\ci4\admin_template\system\CodeIgniter.php(404): CodeIgniter\CodeIgniter->runController(Object(App\Controllers\Multiple_Fileupload))
#8 D:\xampp-7.4.10\htdocs\ci4\admin_template\system\CodeIgniter.php(312): CodeIgniter\CodeIgniter->handleRequest(NULL, Object(Config\Cache), false)
#9 D:\xampp-7.4.10\htdocs\ci4\admin_template\index.php(46): CodeIgniter\CodeIgniter->run()
#10 {main}
CRITICAL - 2020-11-14 17:14:02 --> Undefined variable: db
#0 D:\xampp-7.4.10\htdocs\ci4\admin_template\app\Controllers\Multiple_Fileupload.php(130): CodeIgniter\Debug\Exceptions->errorHandler(8, 'Undefined varia...', 'D:\\xampp-7.4.10...', 130, Array)
#1 D:\xampp-7.4.10\htdocs\ci4\admin_template\system\CodeIgniter.php(918): App\Controllers\Multiple_Fileupload->add()
#2 D:\xampp-7.4.10\htdocs\ci4\admin_template\system\CodeIgniter.php(404): CodeIgniter\CodeIgniter->runController(Object(App\Controllers\Multiple_Fileupload))
#3 D:\xampp-7.4.10\htdocs\ci4\admin_template\system\CodeIgniter.php(312): CodeIgniter\CodeIgniter->handleRequest(NULL, Object(Config\Cache), false)
#4 D:\xampp-7.4.10\htdocs\ci4\admin_template\index.php(46): CodeIgniter\CodeIgniter->run()
#5 {main}
CRITICAL - 2020-11-14 17:14:24 --> Undefined variable: db
#0 D:\xampp-7.4.10\htdocs\ci4\admin_template\app\Controllers\Options_Dinamis.php(130): CodeIgniter\Debug\Exceptions->errorHandler(8, 'Undefined varia...', 'D:\\xampp-7.4.10...', 130, Array)
#1 D:\xampp-7.4.10\htdocs\ci4\admin_template\system\CodeIgniter.php(918): App\Controllers\Options_Dinamis->add()
#2 D:\xampp-7.4.10\htdocs\ci4\admin_template\system\CodeIgniter.php(404): CodeIgniter\CodeIgniter->runController(Object(App\Controllers\Options_Dinamis))
#3 D:\xampp-7.4.10\htdocs\ci4\admin_template\system\CodeIgniter.php(312): CodeIgniter\CodeIgniter->handleRequest(NULL, Object(Config\Cache), false)
#4 D:\xampp-7.4.10\htdocs\ci4\admin_template\index.php(46): CodeIgniter\CodeIgniter->run()
#5 {main}
CRITICAL - 2020-11-14 17:14:30 --> Undefined variable: db
#0 D:\xampp-7.4.10\htdocs\ci4\admin_template\app\Controllers\Options_Dinamis.php(130): CodeIgniter\Debug\Exceptions->errorHandler(8, 'Undefined varia...', 'D:\\xampp-7.4.10...', 130, Array)
#1 D:\xampp-7.4.10\htdocs\ci4\admin_template\system\CodeIgniter.php(918): App\Controllers\Options_Dinamis->add()
#2 D:\xampp-7.4.10\htdocs\ci4\admin_template\system\CodeIgniter.php(404): CodeIgniter\CodeIgniter->runController(Object(App\Controllers\Options_Dinamis))
#3 D:\xampp-7.4.10\htdocs\ci4\admin_template\system\CodeIgniter.php(312): CodeIgniter\CodeIgniter->handleRequest(NULL, Object(Config\Cache), false)
#4 D:\xampp-7.4.10\htdocs\ci4\admin_template\index.php(46): CodeIgniter\CodeIgniter->run()
#5 {main}
CRITICAL - 2020-11-14 17:26:24 --> Undefined variable: db
#0 D:\xampp-7.4.10\htdocs\ci4\admin_template\app\Controllers\Options_Dinamis.php(130): CodeIgniter\Debug\Exceptions->errorHandler(8, 'Undefined varia...', 'D:\\xampp-7.4.10...', 130, Array)
#1 D:\xampp-7.4.10\htdocs\ci4\admin_template\system\CodeIgniter.php(918): App\Controllers\Options_Dinamis->add()
#2 D:\xampp-7.4.10\htdocs\ci4\admin_template\system\CodeIgniter.php(404): CodeIgniter\CodeIgniter->runController(Object(App\Controllers\Options_Dinamis))
#3 D:\xampp-7.4.10\htdocs\ci4\admin_template\system\CodeIgniter.php(312): CodeIgniter\CodeIgniter->handleRequest(NULL, Object(Config\Cache), false)
#4 D:\xampp-7.4.10\htdocs\ci4\admin_template\index.php(46): CodeIgniter\CodeIgniter->run()
#5 {main}
CRITICAL - 2020-11-14 20:11:44 --> Too few arguments to function App\Controllers\Options_Dinamis::setData(), 0 passed in D:\xampp-7.4.10\htdocs\ci4\admin_template\app\Controllers\Options_Dinamis.php on line 196 and exactly 1 expected
#0 D:\xampp-7.4.10\htdocs\ci4\admin_template\app\Controllers\Options_Dinamis.php(196): App\Controllers\Options_Dinamis->setData()
#1 D:\xampp-7.4.10\htdocs\ci4\admin_template\system\CodeIgniter.php(918): App\Controllers\Options_Dinamis->edit()
#2 D:\xampp-7.4.10\htdocs\ci4\admin_template\system\CodeIgniter.php(404): CodeIgniter\CodeIgniter->runController(Object(App\Controllers\Options_Dinamis))
#3 D:\xampp-7.4.10\htdocs\ci4\admin_template\system\CodeIgniter.php(312): CodeIgniter\CodeIgniter->handleRequest(NULL, Object(Config\Cache), false)
#4 D:\xampp-7.4.10\htdocs\ci4\admin_template\index.php(46): CodeIgniter\CodeIgniter->run()
#5 {main}
CRITICAL - 2020-11-14 20:12:50 --> Too few arguments to function App\Models\OptionsDinamisModel::getPenghadap(), 0 passed in D:\xampp-7.4.10\htdocs\ci4\admin_template\app\Controllers\Options_Dinamis.php on line 205 and exactly 1 expected
#0 D:\xampp-7.4.10\htdocs\ci4\admin_template\app\Controllers\Options_Dinamis.php(205): App\Models\OptionsDinamisModel->getPenghadap()
#1 D:\xampp-7.4.10\htdocs\ci4\admin_template\system\CodeIgniter.php(918): App\Controllers\Options_Dinamis->edit()
#2 D:\xampp-7.4.10\htdocs\ci4\admin_template\system\CodeIgniter.php(404): CodeIgniter\CodeIgniter->runController(Object(App\Controllers\Options_Dinamis))
#3 D:\xampp-7.4.10\htdocs\ci4\admin_template\system\CodeIgniter.php(312): CodeIgniter\CodeIgniter->handleRequest(NULL, Object(Config\Cache), false)
#4 D:\xampp-7.4.10\htdocs\ci4\admin_template\index.php(46): CodeIgniter\CodeIgniter->run()
#5 {main}
CRITICAL - 2020-11-14 20:20:08 --> Undefined variable: db
#0 D:\xampp-7.4.10\htdocs\ci4\admin_template\app\Controllers\Options_Dinamis.php(105): CodeIgniter\Debug\Exceptions->errorHandler(8, 'Undefined varia...', 'D:\\xampp-7.4.10...', 105, Array)
#1 D:\xampp-7.4.10\htdocs\ci4\admin_template\system\CodeIgniter.php(918): App\Controllers\Options_Dinamis->add()
#2 D:\xampp-7.4.10\htdocs\ci4\admin_template\system\CodeIgniter.php(404): CodeIgniter\CodeIgniter->runController(Object(App\Controllers\Options_Dinamis))
#3 D:\xampp-7.4.10\htdocs\ci4\admin_template\system\CodeIgniter.php(312): CodeIgniter\CodeIgniter->handleRequest(NULL, Object(Config\Cache), false)
#4 D:\xampp-7.4.10\htdocs\ci4\admin_template\index.php(46): CodeIgniter\CodeIgniter->run()
#5 {main}
CRITICAL - 2020-11-14 20:24:05 --> Undefined variable: db
#0 D:\xampp-7.4.10\htdocs\ci4\admin_template\app\Controllers\Options_Dinamis.php(105): CodeIgniter\Debug\Exceptions->errorHandler(8, 'Undefined varia...', 'D:\\xampp-7.4.10...', 105, Array)
#1 D:\xampp-7.4.10\htdocs\ci4\admin_template\system\CodeIgniter.php(918): App\Controllers\Options_Dinamis->add()
#2 D:\xampp-7.4.10\htdocs\ci4\admin_template\system\CodeIgniter.php(404): CodeIgniter\CodeIgniter->runController(Object(App\Controllers\Options_Dinamis))
#3 D:\xampp-7.4.10\htdocs\ci4\admin_template\system\CodeIgniter.php(312): CodeIgniter\CodeIgniter->handleRequest(NULL, Object(Config\Cache), false)
#4 D:\xampp-7.4.10\htdocs\ci4\admin_template\index.php(46): CodeIgniter\CodeIgniter->run()
#5 {main}
CRITICAL - 2020-11-14 20:25:04 --> Undefined variable: db
#0 D:\xampp-7.4.10\htdocs\ci4\admin_template\app\Controllers\Options_Dinamis.php(105): CodeIgniter\Debug\Exceptions->errorHandler(8, 'Undefined varia...', 'D:\\xampp-7.4.10...', 105, Array)
#1 D:\xampp-7.4.10\htdocs\ci4\admin_template\system\CodeIgniter.php(918): App\Controllers\Options_Dinamis->add()
#2 D:\xampp-7.4.10\htdocs\ci4\admin_template\system\CodeIgniter.php(404): CodeIgniter\CodeIgniter->runController(Object(App\Controllers\Options_Dinamis))
#3 D:\xampp-7.4.10\htdocs\ci4\admin_template\system\CodeIgniter.php(312): CodeIgniter\CodeIgniter->handleRequest(NULL, Object(Config\Cache), false)
#4 D:\xampp-7.4.10\htdocs\ci4\admin_template\index.php(46): CodeIgniter\CodeIgniter->run()
#5 {main}
CRITICAL - 2020-11-14 20:25:11 --> Undefined variable: db
#0 D:\xampp-7.4.10\htdocs\ci4\admin_template\app\Controllers\Options_Dinamis.php(105): CodeIgniter\Debug\Exceptions->errorHandler(8, 'Undefined varia...', 'D:\\xampp-7.4.10...', 105, Array)
#1 D:\xampp-7.4.10\htdocs\ci4\admin_template\system\CodeIgniter.php(918): App\Controllers\Options_Dinamis->add()
#2 D:\xampp-7.4.10\htdocs\ci4\admin_template\system\CodeIgniter.php(404): CodeIgniter\CodeIgniter->runController(Object(App\Controllers\Options_Dinamis))
#3 D:\xampp-7.4.10\htdocs\ci4\admin_template\system\CodeIgniter.php(312): CodeIgniter\CodeIgniter->handleRequest(NULL, Object(Config\Cache), false)
#4 D:\xampp-7.4.10\htdocs\ci4\admin_template\index.php(46): CodeIgniter\CodeIgniter->run()
#5 {main}
CRITICAL - 2020-11-14 20:25:33 --> Call to undefined function App\Controllers\load_view()
#0 D:\xampp-7.4.10\htdocs\ci4\admin_template\system\CodeIgniter.php(918): App\Controllers\Options_Dinamis->add()
#1 D:\xampp-7.4.10\htdocs\ci4\admin_template\system\CodeIgniter.php(404): CodeIgniter\CodeIgniter->runController(Object(App\Controllers\Options_Dinamis))
#2 D:\xampp-7.4.10\htdocs\ci4\admin_template\system\CodeIgniter.php(312): CodeIgniter\CodeIgniter->handleRequest(NULL, Object(Config\Cache), false)
#3 D:\xampp-7.4.10\htdocs\ci4\admin_template\index.php(46): CodeIgniter\CodeIgniter->run()
#4 {main}
CRITICAL - 2020-11-14 20:25:56 --> Undefined variable: current_module
#0 D:\xampp-7.4.10\htdocs\ci4\admin_template\app\Views\themes\modern\header.php(11): CodeIgniter\Debug\Exceptions->errorHandler(8, 'Undefined varia...', 'D:\\xampp-7.4.10...', 11, Array)
#1 D:\xampp-7.4.10\htdocs\ci4\admin_template\system\View\View.php(246): include('D:\\xampp-7.4.10...')
#2 D:\xampp-7.4.10\htdocs\ci4\admin_template\system\Common.php(1119): CodeIgniter\View\View->render('themes/modern/h...', Array, true)
#3 D:\xampp-7.4.10\htdocs\ci4\admin_template\app\Controllers\BaseController.php(238): view('themes/modern/h...', Array)
#4 D:\xampp-7.4.10\htdocs\ci4\admin_template\app\Controllers\Options_Dinamis.php(107): App\Controllers\BaseController->view('options-dinamis...', Array)
#5 D:\xampp-7.4.10\htdocs\ci4\admin_template\system\CodeIgniter.php(918): App\Controllers\Options_Dinamis->add()
#6 D:\xampp-7.4.10\htdocs\ci4\admin_template\system\CodeIgniter.php(404): CodeIgniter\CodeIgniter->runController(Object(App\Controllers\Options_Dinamis))
#7 D:\xampp-7.4.10\htdocs\ci4\admin_template\system\CodeIgniter.php(312): CodeIgniter\CodeIgniter->handleRequest(NULL, Object(Config\Cache), false)
#8 D:\xampp-7.4.10\htdocs\ci4\admin_template\index.php(46): CodeIgniter\CodeIgniter->run()
#9 {main}
CRITICAL - 2020-11-14 20:29:52 --> Undefined variable: db
#0 D:\xampp-7.4.10\htdocs\ci4\admin_template\app\Models\OptionsDinamisModel.php(98): CodeIgniter\Debug\Exceptions->errorHandler(8, 'Undefined varia...', 'D:\\xampp-7.4.10...', 98, Array)
#1 D:\xampp-7.4.10\htdocs\ci4\admin_template\app\Controllers\Options_Dinamis.php(75): App\Models\OptionsDinamisModel->saveData()
#2 D:\xampp-7.4.10\htdocs\ci4\admin_template\system\CodeIgniter.php(918): App\Controllers\Options_Dinamis->add()
#3 D:\xampp-7.4.10\htdocs\ci4\admin_template\system\CodeIgniter.php(404): CodeIgniter\CodeIgniter->runController(Object(App\Controllers\Options_Dinamis))
#4 D:\xampp-7.4.10\htdocs\ci4\admin_template\system\CodeIgniter.php(312): CodeIgniter\CodeIgniter->handleRequest(NULL, Object(Config\Cache), false)
#5 D:\xampp-7.4.10\htdocs\ci4\admin_template\index.php(46): CodeIgniter\CodeIgniter->run()
#6 {main}
CRITICAL - 2020-11-14 20:30:41 --> Call to undefined method CodeIgniter\Database\MySQLi\Connection::lastInsertId()
#0 D:\xampp-7.4.10\htdocs\ci4\admin_template\app\Controllers\Options_Dinamis.php(75): App\Models\OptionsDinamisModel->saveData()
#1 D:\xampp-7.4.10\htdocs\ci4\admin_template\system\CodeIgniter.php(918): App\Controllers\Options_Dinamis->add()
#2 D:\xampp-7.4.10\htdocs\ci4\admin_template\system\CodeIgniter.php(404): CodeIgniter\CodeIgniter->runController(Object(App\Controllers\Options_Dinamis))
#3 D:\xampp-7.4.10\htdocs\ci4\admin_template\system\CodeIgniter.php(312): CodeIgniter\CodeIgniter->handleRequest(NULL, Object(Config\Cache), false)
#4 D:\xampp-7.4.10\htdocs\ci4\admin_template\index.php(46): CodeIgniter\CodeIgniter->run()
#5 {main}
