CRITICAL - 2020-11-03 05:07:32 --> Trying to access array offset on value of type null
#0 D:\xampp-7.4.10\htdocs\ci4\backend\app\Controllers\Login.php(56): CodeIgniter\Debug\Exceptions->errorHandler(8, 'Trying to acces...', 'D:\\xampp-7.4.10...', 56, Array)
#1 D:\xampp-7.4.10\htdocs\ci4\backend\app\Controllers\Login.php(27): App\Controllers\Login->login()
#2 D:\xampp-7.4.10\htdocs\ci4\backend\system\CodeIgniter.php(918): App\Controllers\Login->index()
#3 D:\xampp-7.4.10\htdocs\ci4\backend\system\CodeIgniter.php(404): CodeIgniter\CodeIgniter->runController(Object(App\Controllers\Login))
#4 D:\xampp-7.4.10\htdocs\ci4\backend\system\CodeIgniter.php(312): CodeIgniter\CodeIgniter->handleRequest(NULL, Object(Config\Cache), false)
#5 D:\xampp-7.4.10\htdocs\ci4\backend\index.php(46): CodeIgniter\CodeIgniter->run()
#6 {main}
CRITICAL - 2020-11-03 05:08:00 --> Trying to access array offset on value of type null
#0 D:\xampp-7.4.10\htdocs\ci4\backend\app\Controllers\Login.php(56): CodeIgniter\Debug\Exceptions->errorHandler(8, 'Trying to acces...', 'D:\\xampp-7.4.10...', 56, Array)
#1 D:\xampp-7.4.10\htdocs\ci4\backend\app\Controllers\Login.php(27): App\Controllers\Login->login()
#2 D:\xampp-7.4.10\htdocs\ci4\backend\system\CodeIgniter.php(918): App\Controllers\Login->index()
#3 D:\xampp-7.4.10\htdocs\ci4\backend\system\CodeIgniter.php(404): CodeIgniter\CodeIgniter->runController(Object(App\Controllers\Login))
#4 D:\xampp-7.4.10\htdocs\ci4\backend\system\CodeIgniter.php(312): CodeIgniter\CodeIgniter->handleRequest(NULL, Object(Config\Cache), false)
#5 D:\xampp-7.4.10\htdocs\ci4\backend\index.php(46): CodeIgniter\CodeIgniter->run()
#6 {main}
CRITICAL - 2020-11-03 05:11:05 --> Class 'App\Controllers\Builtin\ModuleModel' not found
#0 D:\xampp-7.4.10\htdocs\ci4\backend\system\CodeIgniter.php(890): App\Controllers\Builtin\Menu->__construct()
#1 D:\xampp-7.4.10\htdocs\ci4\backend\system\CodeIgniter.php(399): CodeIgniter\CodeIgniter->createController()
#2 D:\xampp-7.4.10\htdocs\ci4\backend\system\CodeIgniter.php(312): CodeIgniter\CodeIgniter->handleRequest(NULL, Object(Config\Cache), false)
#3 D:\xampp-7.4.10\htdocs\ci4\backend\index.php(46): CodeIgniter\CodeIgniter->run()
#4 {main}
CRITICAL - 2020-11-03 05:11:25 --> Use of undefined constant THEME_URL - assumed 'THEME_URL' (this will throw an Error in a future version of PHP)
#0 D:\xampp-7.4.10\htdocs\ci4\backend\app\Controllers\Builtin\Menu.php(24): CodeIgniter\Debug\Exceptions->errorHandler(2, 'Use of undefine...', 'D:\\xampp-7.4.10...', 24, Array)
#1 D:\xampp-7.4.10\htdocs\ci4\backend\system\CodeIgniter.php(890): App\Controllers\Builtin\Menu->__construct()
#2 D:\xampp-7.4.10\htdocs\ci4\backend\system\CodeIgniter.php(399): CodeIgniter\CodeIgniter->createController()
#3 D:\xampp-7.4.10\htdocs\ci4\backend\system\CodeIgniter.php(312): CodeIgniter\CodeIgniter->handleRequest(NULL, Object(Config\Cache), false)
#4 D:\xampp-7.4.10\htdocs\ci4\backend\index.php(46): CodeIgniter\CodeIgniter->run()
#5 {main}
CRITICAL - 2020-11-03 05:11:51 --> Undefined property: App\Controllers\Builtin\Menu::$db
#0 D:\xampp-7.4.10\htdocs\ci4\backend\app\Controllers\Builtin\Menu.php(88): CodeIgniter\Debug\Exceptions->errorHandler(8, 'Undefined prope...', 'D:\\xampp-7.4.10...', 88, Array)
#1 D:\xampp-7.4.10\htdocs\ci4\backend\system\CodeIgniter.php(918): App\Controllers\Builtin\Menu->index()
#2 D:\xampp-7.4.10\htdocs\ci4\backend\system\CodeIgniter.php(404): CodeIgniter\CodeIgniter->runController(Object(App\Controllers\Builtin\Menu))
#3 D:\xampp-7.4.10\htdocs\ci4\backend\system\CodeIgniter.php(312): CodeIgniter\CodeIgniter->handleRequest(NULL, Object(Config\Cache), false)
#4 D:\xampp-7.4.10\htdocs\ci4\backend\index.php(46): CodeIgniter\CodeIgniter->run()
#5 {main}
CRITICAL - 2020-11-03 05:12:31 --> Undefined variable: config
#0 D:\xampp-7.4.10\htdocs\ci4\backend\app\Controllers\Builtin\Menu.php(92): CodeIgniter\Debug\Exceptions->errorHandler(8, 'Undefined varia...', 'D:\\xampp-7.4.10...', 92, Array)
#1 D:\xampp-7.4.10\htdocs\ci4\backend\system\CodeIgniter.php(918): App\Controllers\Builtin\Menu->index()
#2 D:\xampp-7.4.10\htdocs\ci4\backend\system\CodeIgniter.php(404): CodeIgniter\CodeIgniter->runController(Object(App\Controllers\Builtin\Menu))
#3 D:\xampp-7.4.10\htdocs\ci4\backend\system\CodeIgniter.php(312): CodeIgniter\CodeIgniter->handleRequest(NULL, Object(Config\Cache), false)
#4 D:\xampp-7.4.10\htdocs\ci4\backend\index.php(46): CodeIgniter\CodeIgniter->run()
#5 {main}
CRITICAL - 2020-11-03 05:14:46 --> CodeIgniter\View\View::main(): Failed opening required 'app/includes/functions.php' (include_path='D:\xampp-7.4.10\php\PEAR')
#0 [internal function]: CodeIgniter\Debug\Exceptions->shutdownHandler()
#1 {main}
CRITICAL - 2020-11-03 05:15:29 --> Undefined variable: data
#0 D:\xampp-7.4.10\htdocs\ci4\backend\app\Views\themes\modern\builtin\menu-form.php(92): CodeIgniter\Debug\Exceptions->errorHandler(8, 'Undefined varia...', 'D:\\xampp-7.4.10...', 92, Array)
#1 D:\xampp-7.4.10\htdocs\ci4\backend\system\View\View.php(246): include('D:\\xampp-7.4.10...')
#2 D:\xampp-7.4.10\htdocs\ci4\backend\system\Common.php(1119): CodeIgniter\View\View->render('themes/modern/b...', Array, true)
#3 D:\xampp-7.4.10\htdocs\ci4\backend\app\Controllers\BaseAdmin.php(232): view('themes/modern/b...', Array)
#4 D:\xampp-7.4.10\htdocs\ci4\backend\app\Controllers\Builtin\Menu.php(96): App\Controllers\BaseAdmin->view('builtin/menu-fo...', Array)
#5 D:\xampp-7.4.10\htdocs\ci4\backend\system\CodeIgniter.php(918): App\Controllers\Builtin\Menu->index()
#6 D:\xampp-7.4.10\htdocs\ci4\backend\system\CodeIgniter.php(404): CodeIgniter\CodeIgniter->runController(Object(App\Controllers\Builtin\Menu))
#7 D:\xampp-7.4.10\htdocs\ci4\backend\system\CodeIgniter.php(312): CodeIgniter\CodeIgniter->handleRequest(NULL, Object(Config\Cache), false)
#8 D:\xampp-7.4.10\htdocs\ci4\backend\index.php(46): CodeIgniter\CodeIgniter->run()
#9 {main}
CRITICAL - 2020-11-03 05:58:06 --> Undefined variable: result
#0 D:\xampp-7.4.10\htdocs\ci4\backend\app\Controllers\Builtin\Menu.php(103): CodeIgniter\Debug\Exceptions->errorHandler(8, 'Undefined varia...', 'D:\\xampp-7.4.10...', 103, Array)
#1 D:\xampp-7.4.10\htdocs\ci4\backend\system\CodeIgniter.php(918): App\Controllers\Builtin\Menu->menuDetail()
#2 D:\xampp-7.4.10\htdocs\ci4\backend\system\CodeIgniter.php(404): CodeIgniter\CodeIgniter->runController(Object(App\Controllers\Builtin\Menu))
#3 D:\xampp-7.4.10\htdocs\ci4\backend\system\CodeIgniter.php(312): CodeIgniter\CodeIgniter->handleRequest(NULL, Object(Config\Cache), false)
#4 D:\xampp-7.4.10\htdocs\ci4\backend\index.php(46): CodeIgniter\CodeIgniter->run()
#5 {main}
CRITICAL - 2020-11-03 16:43:42 --> 'break' not in the 'loop' or 'switch' context
#0 [internal function]: CodeIgniter\Debug\Exceptions->shutdownHandler()
#1 {main}
