CRITICAL - 2020-11-06 05:44:18 --> Cannot redeclare App\Models\Builtin\MenuModel::deleteData()
#0 [internal function]: CodeIgniter\Debug\Exceptions->shutdownHandler()
#1 {main}
CRITICAL - 2020-11-06 05:46:21 --> Undefined variable: db
#0 D:\xampp-7.4.10\htdocs\ci4\backend\app\Controllers\Builtin\Menu.php(52): CodeIgniter\Debug\Exceptions->errorHandler(8, 'Undefined varia...', 'D:\\xampp-7.4.10...', 52, Array)
#1 D:\xampp-7.4.10\htdocs\ci4\backend\system\CodeIgniter.php(918): App\Controllers\Builtin\Menu->index()
#2 D:\xampp-7.4.10\htdocs\ci4\backend\system\CodeIgniter.php(404): CodeIgniter\CodeIgniter->runController(Object(App\Controllers\Builtin\Menu))
#3 D:\xampp-7.4.10\htdocs\ci4\backend\system\CodeIgniter.php(312): CodeIgniter\CodeIgniter->handleRequest(NULL, Object(Config\Cache), false)
#4 D:\xampp-7.4.10\htdocs\ci4\backend\index.php(46): CodeIgniter\CodeIgniter->run()
#5 {main}
CRITICAL - 2020-11-06 05:47:40 --> Undefined variable: db
#0 D:\xampp-7.4.10\htdocs\ci4\backend\app\Controllers\Builtin\Menu.php(66): CodeIgniter\Debug\Exceptions->errorHandler(8, 'Undefined varia...', 'D:\\xampp-7.4.10...', 66, Array)
#1 D:\xampp-7.4.10\htdocs\ci4\backend\system\CodeIgniter.php(918): App\Controllers\Builtin\Menu->index()
#2 D:\xampp-7.4.10\htdocs\ci4\backend\system\CodeIgniter.php(404): CodeIgniter\CodeIgniter->runController(Object(App\Controllers\Builtin\Menu))
#3 D:\xampp-7.4.10\htdocs\ci4\backend\system\CodeIgniter.php(312): CodeIgniter\CodeIgniter->handleRequest(NULL, Object(Config\Cache), false)
#4 D:\xampp-7.4.10\htdocs\ci4\backend\index.php(46): CodeIgniter\CodeIgniter->run()
#5 {main}
CRITICAL - 2020-11-06 05:59:26 --> Undefined variable: current_module
#0 D:\xampp-7.4.10\htdocs\ci4\backend\app\Views\themes\modern\header.php(11): CodeIgniter\Debug\Exceptions->errorHandler(8, 'Undefined varia...', 'D:\\xampp-7.4.10...', 11, Array)
#1 D:\xampp-7.4.10\htdocs\ci4\backend\system\View\View.php(246): include('D:\\xampp-7.4.10...')
#2 D:\xampp-7.4.10\htdocs\ci4\backend\system\Common.php(1119): CodeIgniter\View\View->render('themes/modern/h...', Array, true)
#3 D:\xampp-7.4.10\htdocs\ci4\backend\app\Controllers\BaseAdmin.php(231): view('themes/modern/h...', Array)
#4 D:\xampp-7.4.10\htdocs\ci4\backend\app\Controllers\BaseAdmin.php(148): App\Controllers\BaseAdmin->view('error.php', Array)
#5 D:\xampp-7.4.10\htdocs\ci4\backend\app\Controllers\Builtin\Setting_Web.php(15): App\Controllers\BaseAdmin->__construct()
#6 D:\xampp-7.4.10\htdocs\ci4\backend\system\CodeIgniter.php(890): App\Controllers\Builtin\Setting_web->__construct()
#7 D:\xampp-7.4.10\htdocs\ci4\backend\system\CodeIgniter.php(399): CodeIgniter\CodeIgniter->createController()
#8 D:\xampp-7.4.10\htdocs\ci4\backend\system\CodeIgniter.php(312): CodeIgniter\CodeIgniter->handleRequest(NULL, Object(Config\Cache), false)
#9 D:\xampp-7.4.10\htdocs\ci4\backend\index.php(46): CodeIgniter\CodeIgniter->run()
#10 {main}
CRITICAL - 2020-11-06 06:00:19 --> Undefined variable: current_module
#0 D:\xampp-7.4.10\htdocs\ci4\backend\app\Views\themes\modern\header.php(11): CodeIgniter\Debug\Exceptions->errorHandler(8, 'Undefined varia...', 'D:\\xampp-7.4.10...', 11, Array)
#1 D:\xampp-7.4.10\htdocs\ci4\backend\system\View\View.php(246): include('D:\\xampp-7.4.10...')
#2 D:\xampp-7.4.10\htdocs\ci4\backend\system\Common.php(1119): CodeIgniter\View\View->render('themes/modern/h...', Array, true)
#3 D:\xampp-7.4.10\htdocs\ci4\backend\app\Controllers\BaseAdmin.php(231): view('themes/modern/h...', Array)
#4 D:\xampp-7.4.10\htdocs\ci4\backend\app\Controllers\BaseAdmin.php(148): App\Controllers\BaseAdmin->view('error.php', Array)
#5 D:\xampp-7.4.10\htdocs\ci4\backend\app\Controllers\Builtin\Setting_Web.php(15): App\Controllers\BaseAdmin->__construct()
#6 D:\xampp-7.4.10\htdocs\ci4\backend\system\CodeIgniter.php(890): App\Controllers\Builtin\Setting_web->__construct()
#7 D:\xampp-7.4.10\htdocs\ci4\backend\system\CodeIgniter.php(399): CodeIgniter\CodeIgniter->createController()
#8 D:\xampp-7.4.10\htdocs\ci4\backend\system\CodeIgniter.php(312): CodeIgniter\CodeIgniter->handleRequest(NULL, Object(Config\Cache), false)
#9 D:\xampp-7.4.10\htdocs\ci4\backend\index.php(46): CodeIgniter\CodeIgniter->run()
#10 {main}
CRITICAL - 2020-11-06 06:01:01 --> Undefined variable: current_module
#0 D:\xampp-7.4.10\htdocs\ci4\backend\app\Views\themes\modern\header.php(11): CodeIgniter\Debug\Exceptions->errorHandler(8, 'Undefined varia...', 'D:\\xampp-7.4.10...', 11, Array)
#1 D:\xampp-7.4.10\htdocs\ci4\backend\system\View\View.php(246): include('D:\\xampp-7.4.10...')
#2 D:\xampp-7.4.10\htdocs\ci4\backend\system\Common.php(1119): CodeIgniter\View\View->render('themes/modern/h...', Array, true)
#3 D:\xampp-7.4.10\htdocs\ci4\backend\app\Controllers\BaseAdmin.php(231): view('themes/modern/h...', Array)
#4 D:\xampp-7.4.10\htdocs\ci4\backend\app\Controllers\BaseAdmin.php(148): App\Controllers\BaseAdmin->view('error.php', Array)
#5 D:\xampp-7.4.10\htdocs\ci4\backend\app\Controllers\Builtin\Setting_Web.php(15): App\Controllers\BaseAdmin->__construct()
#6 D:\xampp-7.4.10\htdocs\ci4\backend\system\CodeIgniter.php(890): App\Controllers\Builtin\Setting_web->__construct()
#7 D:\xampp-7.4.10\htdocs\ci4\backend\system\CodeIgniter.php(399): CodeIgniter\CodeIgniter->createController()
#8 D:\xampp-7.4.10\htdocs\ci4\backend\system\CodeIgniter.php(312): CodeIgniter\CodeIgniter->handleRequest(NULL, Object(Config\Cache), false)
#9 D:\xampp-7.4.10\htdocs\ci4\backend\index.php(46): CodeIgniter\CodeIgniter->run()
#10 {main}
CRITICAL - 2020-11-06 06:01:26 --> Undefined variable: current_module
#0 D:\xampp-7.4.10\htdocs\ci4\backend\app\Views\themes\modern\header.php(11): CodeIgniter\Debug\Exceptions->errorHandler(8, 'Undefined varia...', 'D:\\xampp-7.4.10...', 11, Array)
#1 D:\xampp-7.4.10\htdocs\ci4\backend\system\View\View.php(246): include('D:\\xampp-7.4.10...')
#2 D:\xampp-7.4.10\htdocs\ci4\backend\system\Common.php(1119): CodeIgniter\View\View->render('themes/modern/h...', Array, true)
#3 D:\xampp-7.4.10\htdocs\ci4\backend\app\Controllers\BaseAdmin.php(231): view('themes/modern/h...', Array)
#4 D:\xampp-7.4.10\htdocs\ci4\backend\app\Controllers\BaseAdmin.php(148): App\Controllers\BaseAdmin->view('error.php', Array)
#5 D:\xampp-7.4.10\htdocs\ci4\backend\app\Controllers\Builtin\Setting_Web.php(15): App\Controllers\BaseAdmin->__construct()
#6 D:\xampp-7.4.10\htdocs\ci4\backend\system\CodeIgniter.php(890): App\Controllers\Builtin\Setting_web->__construct()
#7 D:\xampp-7.4.10\htdocs\ci4\backend\system\CodeIgniter.php(399): CodeIgniter\CodeIgniter->createController()
#8 D:\xampp-7.4.10\htdocs\ci4\backend\system\CodeIgniter.php(312): CodeIgniter\CodeIgniter->handleRequest(NULL, Object(Config\Cache), false)
#9 D:\xampp-7.4.10\htdocs\ci4\backend\index.php(46): CodeIgniter\CodeIgniter->run()
#10 {main}
CRITICAL - 2020-11-06 06:02:47 --> Undefined variable: current_module
#0 D:\xampp-7.4.10\htdocs\ci4\backend\app\Views\themes\modern\header.php(11): CodeIgniter\Debug\Exceptions->errorHandler(8, 'Undefined varia...', 'D:\\xampp-7.4.10...', 11, Array)
#1 D:\xampp-7.4.10\htdocs\ci4\backend\system\View\View.php(246): include('D:\\xampp-7.4.10...')
#2 D:\xampp-7.4.10\htdocs\ci4\backend\system\Common.php(1119): CodeIgniter\View\View->render('themes/modern/h...', Array, true)
#3 D:\xampp-7.4.10\htdocs\ci4\backend\app\Controllers\BaseAdmin.php(231): view('themes/modern/h...', Array)
#4 D:\xampp-7.4.10\htdocs\ci4\backend\app\Controllers\BaseAdmin.php(148): App\Controllers\BaseAdmin->view('error.php', Array)
#5 D:\xampp-7.4.10\htdocs\ci4\backend\app\Controllers\Builtin\Setting_Web.php(15): App\Controllers\BaseAdmin->__construct()
#6 D:\xampp-7.4.10\htdocs\ci4\backend\system\CodeIgniter.php(890): App\Controllers\Builtin\Setting_web->__construct()
#7 D:\xampp-7.4.10\htdocs\ci4\backend\system\CodeIgniter.php(399): CodeIgniter\CodeIgniter->createController()
#8 D:\xampp-7.4.10\htdocs\ci4\backend\system\CodeIgniter.php(312): CodeIgniter\CodeIgniter->handleRequest(NULL, Object(Config\Cache), false)
#9 D:\xampp-7.4.10\htdocs\ci4\backend\index.php(46): CodeIgniter\CodeIgniter->run()
#10 {main}
CRITICAL - 2020-11-06 06:02:47 --> Undefined variable: current_module
#0 D:\xampp-7.4.10\htdocs\ci4\backend\app\Views\themes\modern\header.php(11): CodeIgniter\Debug\Exceptions->errorHandler(8, 'Undefined varia...', 'D:\\xampp-7.4.10...', 11, Array)
#1 D:\xampp-7.4.10\htdocs\ci4\backend\system\View\View.php(246): include('D:\\xampp-7.4.10...')
#2 D:\xampp-7.4.10\htdocs\ci4\backend\system\Common.php(1119): CodeIgniter\View\View->render('themes/modern/h...', Array, true)
#3 D:\xampp-7.4.10\htdocs\ci4\backend\app\Controllers\BaseAdmin.php(231): view('themes/modern/h...', Array)
#4 D:\xampp-7.4.10\htdocs\ci4\backend\app\Controllers\BaseAdmin.php(148): App\Controllers\BaseAdmin->view('error.php', Array)
#5 D:\xampp-7.4.10\htdocs\ci4\backend\app\Controllers\Builtin\Setting_Web.php(15): App\Controllers\BaseAdmin->__construct()
#6 D:\xampp-7.4.10\htdocs\ci4\backend\system\CodeIgniter.php(890): App\Controllers\Builtin\Setting_web->__construct()
#7 D:\xampp-7.4.10\htdocs\ci4\backend\system\CodeIgniter.php(399): CodeIgniter\CodeIgniter->createController()
#8 D:\xampp-7.4.10\htdocs\ci4\backend\system\CodeIgniter.php(312): CodeIgniter\CodeIgniter->handleRequest(NULL, Object(Config\Cache), false)
#9 D:\xampp-7.4.10\htdocs\ci4\backend\index.php(46): CodeIgniter\CodeIgniter->run()
#10 {main}
CRITICAL - 2020-11-06 06:02:48 --> Undefined variable: current_module
#0 D:\xampp-7.4.10\htdocs\ci4\backend\app\Views\themes\modern\header.php(11): CodeIgniter\Debug\Exceptions->errorHandler(8, 'Undefined varia...', 'D:\\xampp-7.4.10...', 11, Array)
#1 D:\xampp-7.4.10\htdocs\ci4\backend\system\View\View.php(246): include('D:\\xampp-7.4.10...')
#2 D:\xampp-7.4.10\htdocs\ci4\backend\system\Common.php(1119): CodeIgniter\View\View->render('themes/modern/h...', Array, true)
#3 D:\xampp-7.4.10\htdocs\ci4\backend\app\Controllers\BaseAdmin.php(231): view('themes/modern/h...', Array)
#4 D:\xampp-7.4.10\htdocs\ci4\backend\app\Controllers\BaseAdmin.php(148): App\Controllers\BaseAdmin->view('error.php', Array)
#5 D:\xampp-7.4.10\htdocs\ci4\backend\app\Controllers\Builtin\Setting_Web.php(15): App\Controllers\BaseAdmin->__construct()
#6 D:\xampp-7.4.10\htdocs\ci4\backend\system\CodeIgniter.php(890): App\Controllers\Builtin\Setting_web->__construct()
#7 D:\xampp-7.4.10\htdocs\ci4\backend\system\CodeIgniter.php(399): CodeIgniter\CodeIgniter->createController()
#8 D:\xampp-7.4.10\htdocs\ci4\backend\system\CodeIgniter.php(312): CodeIgniter\CodeIgniter->handleRequest(NULL, Object(Config\Cache), false)
#9 D:\xampp-7.4.10\htdocs\ci4\backend\index.php(46): CodeIgniter\CodeIgniter->run()
#10 {main}
CRITICAL - 2020-11-06 06:02:48 --> Undefined variable: current_module
#0 D:\xampp-7.4.10\htdocs\ci4\backend\app\Views\themes\modern\header.php(11): CodeIgniter\Debug\Exceptions->errorHandler(8, 'Undefined varia...', 'D:\\xampp-7.4.10...', 11, Array)
#1 D:\xampp-7.4.10\htdocs\ci4\backend\system\View\View.php(246): include('D:\\xampp-7.4.10...')
#2 D:\xampp-7.4.10\htdocs\ci4\backend\system\Common.php(1119): CodeIgniter\View\View->render('themes/modern/h...', Array, true)
#3 D:\xampp-7.4.10\htdocs\ci4\backend\app\Controllers\BaseAdmin.php(231): view('themes/modern/h...', Array)
#4 D:\xampp-7.4.10\htdocs\ci4\backend\app\Controllers\BaseAdmin.php(148): App\Controllers\BaseAdmin->view('error.php', Array)
#5 D:\xampp-7.4.10\htdocs\ci4\backend\app\Controllers\Builtin\Setting_Web.php(15): App\Controllers\BaseAdmin->__construct()
#6 D:\xampp-7.4.10\htdocs\ci4\backend\system\CodeIgniter.php(890): App\Controllers\Builtin\Setting_web->__construct()
#7 D:\xampp-7.4.10\htdocs\ci4\backend\system\CodeIgniter.php(399): CodeIgniter\CodeIgniter->createController()
#8 D:\xampp-7.4.10\htdocs\ci4\backend\system\CodeIgniter.php(312): CodeIgniter\CodeIgniter->handleRequest(NULL, Object(Config\Cache), false)
#9 D:\xampp-7.4.10\htdocs\ci4\backend\index.php(46): CodeIgniter\CodeIgniter->run()
#10 {main}
CRITICAL - 2020-11-06 06:02:48 --> Undefined variable: current_module
#0 D:\xampp-7.4.10\htdocs\ci4\backend\app\Views\themes\modern\header.php(11): CodeIgniter\Debug\Exceptions->errorHandler(8, 'Undefined varia...', 'D:\\xampp-7.4.10...', 11, Array)
#1 D:\xampp-7.4.10\htdocs\ci4\backend\system\View\View.php(246): include('D:\\xampp-7.4.10...')
#2 D:\xampp-7.4.10\htdocs\ci4\backend\system\Common.php(1119): CodeIgniter\View\View->render('themes/modern/h...', Array, true)
#3 D:\xampp-7.4.10\htdocs\ci4\backend\app\Controllers\BaseAdmin.php(231): view('themes/modern/h...', Array)
#4 D:\xampp-7.4.10\htdocs\ci4\backend\app\Controllers\BaseAdmin.php(148): App\Controllers\BaseAdmin->view('error.php', Array)
#5 D:\xampp-7.4.10\htdocs\ci4\backend\app\Controllers\Builtin\Setting_Web.php(15): App\Controllers\BaseAdmin->__construct()
#6 D:\xampp-7.4.10\htdocs\ci4\backend\system\CodeIgniter.php(890): App\Controllers\Builtin\Setting_web->__construct()
#7 D:\xampp-7.4.10\htdocs\ci4\backend\system\CodeIgniter.php(399): CodeIgniter\CodeIgniter->createController()
#8 D:\xampp-7.4.10\htdocs\ci4\backend\system\CodeIgniter.php(312): CodeIgniter\CodeIgniter->handleRequest(NULL, Object(Config\Cache), false)
#9 D:\xampp-7.4.10\htdocs\ci4\backend\index.php(46): CodeIgniter\CodeIgniter->run()
#10 {main}
CRITICAL - 2020-11-06 06:02:48 --> Undefined variable: current_module
#0 D:\xampp-7.4.10\htdocs\ci4\backend\app\Views\themes\modern\header.php(11): CodeIgniter\Debug\Exceptions->errorHandler(8, 'Undefined varia...', 'D:\\xampp-7.4.10...', 11, Array)
#1 D:\xampp-7.4.10\htdocs\ci4\backend\system\View\View.php(246): include('D:\\xampp-7.4.10...')
#2 D:\xampp-7.4.10\htdocs\ci4\backend\system\Common.php(1119): CodeIgniter\View\View->render('themes/modern/h...', Array, true)
#3 D:\xampp-7.4.10\htdocs\ci4\backend\app\Controllers\BaseAdmin.php(231): view('themes/modern/h...', Array)
#4 D:\xampp-7.4.10\htdocs\ci4\backend\app\Controllers\BaseAdmin.php(148): App\Controllers\BaseAdmin->view('error.php', Array)
#5 D:\xampp-7.4.10\htdocs\ci4\backend\app\Controllers\Builtin\Setting_Web.php(15): App\Controllers\BaseAdmin->__construct()
#6 D:\xampp-7.4.10\htdocs\ci4\backend\system\CodeIgniter.php(890): App\Controllers\Builtin\Setting_web->__construct()
#7 D:\xampp-7.4.10\htdocs\ci4\backend\system\CodeIgniter.php(399): CodeIgniter\CodeIgniter->createController()
#8 D:\xampp-7.4.10\htdocs\ci4\backend\system\CodeIgniter.php(312): CodeIgniter\CodeIgniter->handleRequest(NULL, Object(Config\Cache), false)
#9 D:\xampp-7.4.10\htdocs\ci4\backend\index.php(46): CodeIgniter\CodeIgniter->run()
#10 {main}
CRITICAL - 2020-11-06 06:03:10 --> Undefined variable: current_module
#0 D:\xampp-7.4.10\htdocs\ci4\backend\app\Views\themes\modern\header.php(11): CodeIgniter\Debug\Exceptions->errorHandler(8, 'Undefined varia...', 'D:\\xampp-7.4.10...', 11, Array)
#1 D:\xampp-7.4.10\htdocs\ci4\backend\system\View\View.php(246): include('D:\\xampp-7.4.10...')
#2 D:\xampp-7.4.10\htdocs\ci4\backend\system\Common.php(1119): CodeIgniter\View\View->render('themes/modern/h...', Array, true)
#3 D:\xampp-7.4.10\htdocs\ci4\backend\app\Controllers\BaseAdmin.php(231): view('themes/modern/h...', Array)
#4 D:\xampp-7.4.10\htdocs\ci4\backend\app\Controllers\BaseAdmin.php(148): App\Controllers\BaseAdmin->view('error.php', Array)
#5 D:\xampp-7.4.10\htdocs\ci4\backend\app\Controllers\Builtin\Setting_Web.php(15): App\Controllers\BaseAdmin->__construct()
#6 D:\xampp-7.4.10\htdocs\ci4\backend\system\CodeIgniter.php(890): App\Controllers\Builtin\Setting_web->__construct()
#7 D:\xampp-7.4.10\htdocs\ci4\backend\system\CodeIgniter.php(399): CodeIgniter\CodeIgniter->createController()
#8 D:\xampp-7.4.10\htdocs\ci4\backend\system\CodeIgniter.php(312): CodeIgniter\CodeIgniter->handleRequest(NULL, Object(Config\Cache), false)
#9 D:\xampp-7.4.10\htdocs\ci4\backend\index.php(46): CodeIgniter\CodeIgniter->run()
#10 {main}
CRITICAL - 2020-11-06 06:03:39 --> Undefined variable: current_module
#0 D:\xampp-7.4.10\htdocs\ci4\backend\app\Views\themes\modern\header.php(11): CodeIgniter\Debug\Exceptions->errorHandler(8, 'Undefined varia...', 'D:\\xampp-7.4.10...', 11, Array)
#1 D:\xampp-7.4.10\htdocs\ci4\backend\system\View\View.php(246): include('D:\\xampp-7.4.10...')
#2 D:\xampp-7.4.10\htdocs\ci4\backend\system\Common.php(1119): CodeIgniter\View\View->render('themes/modern/h...', Array, true)
#3 D:\xampp-7.4.10\htdocs\ci4\backend\app\Controllers\BaseAdmin.php(231): view('themes/modern/h...', Array)
#4 D:\xampp-7.4.10\htdocs\ci4\backend\app\Controllers\BaseAdmin.php(148): App\Controllers\BaseAdmin->view('error.php', Array)
#5 D:\xampp-7.4.10\htdocs\ci4\backend\app\Controllers\Builtin\Setting_Web.php(15): App\Controllers\BaseAdmin->__construct()
#6 D:\xampp-7.4.10\htdocs\ci4\backend\system\CodeIgniter.php(890): App\Controllers\Builtin\Setting_web->__construct()
#7 D:\xampp-7.4.10\htdocs\ci4\backend\system\CodeIgniter.php(399): CodeIgniter\CodeIgniter->createController()
#8 D:\xampp-7.4.10\htdocs\ci4\backend\system\CodeIgniter.php(312): CodeIgniter\CodeIgniter->handleRequest(NULL, Object(Config\Cache), false)
#9 D:\xampp-7.4.10\htdocs\ci4\backend\index.php(46): CodeIgniter\CodeIgniter->run()
#10 {main}
CRITICAL - 2020-11-06 06:03:40 --> Undefined variable: current_module
#0 D:\xampp-7.4.10\htdocs\ci4\backend\app\Views\themes\modern\header.php(11): CodeIgniter\Debug\Exceptions->errorHandler(8, 'Undefined varia...', 'D:\\xampp-7.4.10...', 11, Array)
#1 D:\xampp-7.4.10\htdocs\ci4\backend\system\View\View.php(246): include('D:\\xampp-7.4.10...')
#2 D:\xampp-7.4.10\htdocs\ci4\backend\system\Common.php(1119): CodeIgniter\View\View->render('themes/modern/h...', Array, true)
#3 D:\xampp-7.4.10\htdocs\ci4\backend\app\Controllers\BaseAdmin.php(231): view('themes/modern/h...', Array)
#4 D:\xampp-7.4.10\htdocs\ci4\backend\app\Controllers\BaseAdmin.php(148): App\Controllers\BaseAdmin->view('error.php', Array)
#5 D:\xampp-7.4.10\htdocs\ci4\backend\app\Controllers\Builtin\Setting_Web.php(15): App\Controllers\BaseAdmin->__construct()
#6 D:\xampp-7.4.10\htdocs\ci4\backend\system\CodeIgniter.php(890): App\Controllers\Builtin\Setting_web->__construct()
#7 D:\xampp-7.4.10\htdocs\ci4\backend\system\CodeIgniter.php(399): CodeIgniter\CodeIgniter->createController()
#8 D:\xampp-7.4.10\htdocs\ci4\backend\system\CodeIgniter.php(312): CodeIgniter\CodeIgniter->handleRequest(NULL, Object(Config\Cache), false)
#9 D:\xampp-7.4.10\htdocs\ci4\backend\index.php(46): CodeIgniter\CodeIgniter->run()
#10 {main}
CRITICAL - 2020-11-06 06:04:18 --> Undefined variable: current_module
#0 D:\xampp-7.4.10\htdocs\ci4\backend\app\Views\themes\modern\header.php(11): CodeIgniter\Debug\Exceptions->errorHandler(8, 'Undefined varia...', 'D:\\xampp-7.4.10...', 11, Array)
#1 D:\xampp-7.4.10\htdocs\ci4\backend\system\View\View.php(246): include('D:\\xampp-7.4.10...')
#2 D:\xampp-7.4.10\htdocs\ci4\backend\system\Common.php(1119): CodeIgniter\View\View->render('themes/modern/h...', Array, true)
#3 D:\xampp-7.4.10\htdocs\ci4\backend\app\Controllers\BaseAdmin.php(231): view('themes/modern/h...', Array)
#4 D:\xampp-7.4.10\htdocs\ci4\backend\app\Controllers\BaseAdmin.php(148): App\Controllers\BaseAdmin->view('error.php', Array)
#5 D:\xampp-7.4.10\htdocs\ci4\backend\app\Controllers\Builtin\Setting_Web.php(15): App\Controllers\BaseAdmin->__construct()
#6 D:\xampp-7.4.10\htdocs\ci4\backend\system\CodeIgniter.php(890): App\Controllers\Builtin\Setting_web->__construct()
#7 D:\xampp-7.4.10\htdocs\ci4\backend\system\CodeIgniter.php(399): CodeIgniter\CodeIgniter->createController()
#8 D:\xampp-7.4.10\htdocs\ci4\backend\system\CodeIgniter.php(312): CodeIgniter\CodeIgniter->handleRequest(NULL, Object(Config\Cache), false)
#9 D:\xampp-7.4.10\htdocs\ci4\backend\index.php(46): CodeIgniter\CodeIgniter->run()
#10 {main}
CRITICAL - 2020-11-06 06:05:01 --> Undefined variable: current_module
#0 D:\xampp-7.4.10\htdocs\ci4\backend\app\Views\themes\modern\header.php(11): CodeIgniter\Debug\Exceptions->errorHandler(8, 'Undefined varia...', 'D:\\xampp-7.4.10...', 11, Array)
#1 D:\xampp-7.4.10\htdocs\ci4\backend\system\View\View.php(246): include('D:\\xampp-7.4.10...')
#2 D:\xampp-7.4.10\htdocs\ci4\backend\system\Common.php(1119): CodeIgniter\View\View->render('themes/modern/h...', Array, true)
#3 D:\xampp-7.4.10\htdocs\ci4\backend\app\Controllers\BaseAdmin.php(232): view('themes/modern/h...', Array)
#4 D:\xampp-7.4.10\htdocs\ci4\backend\app\Controllers\BaseAdmin.php(148): App\Controllers\BaseAdmin->view('error.php', Array)
#5 D:\xampp-7.4.10\htdocs\ci4\backend\app\Controllers\Builtin\Setting_Web.php(15): App\Controllers\BaseAdmin->__construct()
#6 D:\xampp-7.4.10\htdocs\ci4\backend\system\CodeIgniter.php(890): App\Controllers\Builtin\Setting_web->__construct()
#7 D:\xampp-7.4.10\htdocs\ci4\backend\system\CodeIgniter.php(399): CodeIgniter\CodeIgniter->createController()
#8 D:\xampp-7.4.10\htdocs\ci4\backend\system\CodeIgniter.php(312): CodeIgniter\CodeIgniter->handleRequest(NULL, Object(Config\Cache), false)
#9 D:\xampp-7.4.10\htdocs\ci4\backend\index.php(46): CodeIgniter\CodeIgniter->run()
#10 {main}
CRITICAL - 2020-11-06 06:08:52 --> Undefined index: judul_module
#0 D:\xampp-7.4.10\htdocs\ci4\backend\app\Views\themes\modern\header.php(11): CodeIgniter\Debug\Exceptions->errorHandler(8, 'Undefined index...', 'D:\\xampp-7.4.10...', 11, Array)
#1 D:\xampp-7.4.10\htdocs\ci4\backend\system\View\View.php(246): include('D:\\xampp-7.4.10...')
#2 D:\xampp-7.4.10\htdocs\ci4\backend\system\Common.php(1119): CodeIgniter\View\View->render('themes/modern/h...', Array, true)
#3 D:\xampp-7.4.10\htdocs\ci4\backend\app\Controllers\BaseAdmin.php(235): view('themes/modern/h...', Array)
#4 D:\xampp-7.4.10\htdocs\ci4\backend\app\Controllers\BaseAdmin.php(155): App\Controllers\BaseAdmin->view('error.php', Array)
#5 D:\xampp-7.4.10\htdocs\ci4\backend\app\Controllers\Builtin\Setting_Web.php(15): App\Controllers\BaseAdmin->__construct()
#6 D:\xampp-7.4.10\htdocs\ci4\backend\system\CodeIgniter.php(890): App\Controllers\Builtin\Setting_web->__construct()
#7 D:\xampp-7.4.10\htdocs\ci4\backend\system\CodeIgniter.php(399): CodeIgniter\CodeIgniter->createController()
#8 D:\xampp-7.4.10\htdocs\ci4\backend\system\CodeIgniter.php(312): CodeIgniter\CodeIgniter->handleRequest(NULL, Object(Config\Cache), false)
#9 D:\xampp-7.4.10\htdocs\ci4\backend\index.php(46): CodeIgniter\CodeIgniter->run()
#10 {main}
CRITICAL - 2020-11-06 06:13:24 --> Undefined variable: data
#0 D:\xampp-7.4.10\htdocs\ci4\backend\app\Controllers\BaseAdmin.php(233): CodeIgniter\Debug\Exceptions->errorHandler(8, 'Undefined varia...', 'D:\\xampp-7.4.10...', 233, Array)
#1 D:\xampp-7.4.10\htdocs\ci4\backend\app\Controllers\BaseAdmin.php(155): App\Controllers\BaseAdmin->viewError('error.php', Array)
#2 D:\xampp-7.4.10\htdocs\ci4\backend\app\Controllers\Builtin\Setting_Web.php(15): App\Controllers\BaseAdmin->__construct()
#3 D:\xampp-7.4.10\htdocs\ci4\backend\system\CodeIgniter.php(890): App\Controllers\Builtin\Setting_web->__construct()
#4 D:\xampp-7.4.10\htdocs\ci4\backend\system\CodeIgniter.php(399): CodeIgniter\CodeIgniter->createController()
#5 D:\xampp-7.4.10\htdocs\ci4\backend\system\CodeIgniter.php(312): CodeIgniter\CodeIgniter->handleRequest(NULL, Object(Config\Cache), false)
#6 D:\xampp-7.4.10\htdocs\ci4\backend\index.php(46): CodeIgniter\CodeIgniter->run()
#7 {main}
CRITICAL - 2020-11-06 06:13:37 --> Argument 2 passed to view() must be of the type array, string given, called in D:\xampp-7.4.10\htdocs\ci4\backend\app\Controllers\BaseAdmin.php on line 233
#0 D:\xampp-7.4.10\htdocs\ci4\backend\app\Controllers\BaseAdmin.php(233): view('app_error.php', 'error.php')
#1 D:\xampp-7.4.10\htdocs\ci4\backend\app\Controllers\BaseAdmin.php(155): App\Controllers\BaseAdmin->viewError('error.php', Array)
#2 D:\xampp-7.4.10\htdocs\ci4\backend\app\Controllers\Builtin\Setting_Web.php(15): App\Controllers\BaseAdmin->__construct()
#3 D:\xampp-7.4.10\htdocs\ci4\backend\system\CodeIgniter.php(890): App\Controllers\Builtin\Setting_web->__construct()
#4 D:\xampp-7.4.10\htdocs\ci4\backend\system\CodeIgniter.php(399): CodeIgniter\CodeIgniter->createController()
#5 D:\xampp-7.4.10\htdocs\ci4\backend\system\CodeIgniter.php(312): CodeIgniter\CodeIgniter->handleRequest(NULL, Object(Config\Cache), false)
#6 D:\xampp-7.4.10\htdocs\ci4\backend\index.php(46): CodeIgniter\CodeIgniter->run()
#7 {main}
CRITICAL - 2020-11-06 06:13:49 --> Invalid file: app_error.php
#0 D:\xampp-7.4.10\htdocs\ci4\backend\system\View\View.php(228): CodeIgniter\Exceptions\FrameworkException::forInvalidFile('app_error.php')
#1 D:\xampp-7.4.10\htdocs\ci4\backend\system\Common.php(1119): CodeIgniter\View\View->render('app_error.php', Array, true)
#2 D:\xampp-7.4.10\htdocs\ci4\backend\app\Controllers\BaseAdmin.php(233): view('app_error.php', Array)
#3 D:\xampp-7.4.10\htdocs\ci4\backend\app\Controllers\BaseAdmin.php(155): App\Controllers\BaseAdmin->viewError(Array)
#4 D:\xampp-7.4.10\htdocs\ci4\backend\app\Controllers\Builtin\Setting_Web.php(15): App\Controllers\BaseAdmin->__construct()
#5 D:\xampp-7.4.10\htdocs\ci4\backend\system\CodeIgniter.php(890): App\Controllers\Builtin\Setting_web->__construct()
#6 D:\xampp-7.4.10\htdocs\ci4\backend\system\CodeIgniter.php(399): CodeIgniter\CodeIgniter->createController()
#7 D:\xampp-7.4.10\htdocs\ci4\backend\system\CodeIgniter.php(312): CodeIgniter\CodeIgniter->handleRequest(NULL, Object(Config\Cache), false)
#8 D:\xampp-7.4.10\htdocs\ci4\backend\index.php(46): CodeIgniter\CodeIgniter->run()
#9 {main}
CRITICAL - 2020-11-06 06:14:27 --> Undefined variable: content
#0 D:\xampp-7.4.10\htdocs\ci4\backend\app\Views\app_error.php(54): CodeIgniter\Debug\Exceptions->errorHandler(8, 'Undefined varia...', 'D:\\xampp-7.4.10...', 54, Array)
#1 D:\xampp-7.4.10\htdocs\ci4\backend\system\View\View.php(246): include('D:\\xampp-7.4.10...')
#2 D:\xampp-7.4.10\htdocs\ci4\backend\system\Common.php(1119): CodeIgniter\View\View->render('app_error.php', Array, true)
#3 D:\xampp-7.4.10\htdocs\ci4\backend\app\Controllers\BaseAdmin.php(233): view('app_error.php', Array)
#4 D:\xampp-7.4.10\htdocs\ci4\backend\app\Controllers\BaseAdmin.php(155): App\Controllers\BaseAdmin->viewError(Array)
#5 D:\xampp-7.4.10\htdocs\ci4\backend\app\Controllers\Builtin\Setting_Web.php(15): App\Controllers\BaseAdmin->__construct()
#6 D:\xampp-7.4.10\htdocs\ci4\backend\system\CodeIgniter.php(890): App\Controllers\Builtin\Setting_web->__construct()
#7 D:\xampp-7.4.10\htdocs\ci4\backend\system\CodeIgniter.php(399): CodeIgniter\CodeIgniter->createController()
#8 D:\xampp-7.4.10\htdocs\ci4\backend\system\CodeIgniter.php(312): CodeIgniter\CodeIgniter->handleRequest(NULL, Object(Config\Cache), false)
#9 D:\xampp-7.4.10\htdocs\ci4\backend\index.php(46): CodeIgniter\CodeIgniter->run()
#10 {main}
CRITICAL - 2020-11-06 06:14:47 --> Undefined variable: content
#0 D:\xampp-7.4.10\htdocs\ci4\backend\app\Views\app_error.php(54): CodeIgniter\Debug\Exceptions->errorHandler(8, 'Undefined varia...', 'D:\\xampp-7.4.10...', 54, Array)
#1 D:\xampp-7.4.10\htdocs\ci4\backend\system\View\View.php(246): include('D:\\xampp-7.4.10...')
#2 D:\xampp-7.4.10\htdocs\ci4\backend\system\Common.php(1119): CodeIgniter\View\View->render('app_error.php', Array, true)
#3 D:\xampp-7.4.10\htdocs\ci4\backend\app\Controllers\BaseAdmin.php(233): view('app_error.php', Array)
#4 D:\xampp-7.4.10\htdocs\ci4\backend\app\Controllers\BaseAdmin.php(155): App\Controllers\BaseAdmin->viewError(Array)
#5 D:\xampp-7.4.10\htdocs\ci4\backend\app\Controllers\Builtin\Setting_Web.php(15): App\Controllers\BaseAdmin->__construct()
#6 D:\xampp-7.4.10\htdocs\ci4\backend\system\CodeIgniter.php(890): App\Controllers\Builtin\Setting_web->__construct()
#7 D:\xampp-7.4.10\htdocs\ci4\backend\system\CodeIgniter.php(399): CodeIgniter\CodeIgniter->createController()
#8 D:\xampp-7.4.10\htdocs\ci4\backend\system\CodeIgniter.php(312): CodeIgniter\CodeIgniter->handleRequest(NULL, Object(Config\Cache), false)
#9 D:\xampp-7.4.10\htdocs\ci4\backend\index.php(46): CodeIgniter\CodeIgniter->run()
#10 {main}
CRITICAL - 2020-11-06 06:14:49 --> Undefined variable: content
#0 D:\xampp-7.4.10\htdocs\ci4\backend\app\Views\app_error.php(54): CodeIgniter\Debug\Exceptions->errorHandler(8, 'Undefined varia...', 'D:\\xampp-7.4.10...', 54, Array)
#1 D:\xampp-7.4.10\htdocs\ci4\backend\system\View\View.php(246): include('D:\\xampp-7.4.10...')
#2 D:\xampp-7.4.10\htdocs\ci4\backend\system\Common.php(1119): CodeIgniter\View\View->render('app_error.php', Array, true)
#3 D:\xampp-7.4.10\htdocs\ci4\backend\app\Controllers\BaseAdmin.php(233): view('app_error.php', Array)
#4 D:\xampp-7.4.10\htdocs\ci4\backend\app\Controllers\BaseAdmin.php(155): App\Controllers\BaseAdmin->viewError(Array)
#5 D:\xampp-7.4.10\htdocs\ci4\backend\app\Controllers\Builtin\Setting_Web.php(15): App\Controllers\BaseAdmin->__construct()
#6 D:\xampp-7.4.10\htdocs\ci4\backend\system\CodeIgniter.php(890): App\Controllers\Builtin\Setting_web->__construct()
#7 D:\xampp-7.4.10\htdocs\ci4\backend\system\CodeIgniter.php(399): CodeIgniter\CodeIgniter->createController()
#8 D:\xampp-7.4.10\htdocs\ci4\backend\system\CodeIgniter.php(312): CodeIgniter\CodeIgniter->handleRequest(NULL, Object(Config\Cache), false)
#9 D:\xampp-7.4.10\htdocs\ci4\backend\index.php(46): CodeIgniter\CodeIgniter->run()
#10 {main}
CRITICAL - 2020-11-06 06:14:49 --> Undefined variable: content
#0 D:\xampp-7.4.10\htdocs\ci4\backend\app\Views\app_error.php(54): CodeIgniter\Debug\Exceptions->errorHandler(8, 'Undefined varia...', 'D:\\xampp-7.4.10...', 54, Array)
#1 D:\xampp-7.4.10\htdocs\ci4\backend\system\View\View.php(246): include('D:\\xampp-7.4.10...')
#2 D:\xampp-7.4.10\htdocs\ci4\backend\system\Common.php(1119): CodeIgniter\View\View->render('app_error.php', Array, true)
#3 D:\xampp-7.4.10\htdocs\ci4\backend\app\Controllers\BaseAdmin.php(233): view('app_error.php', Array)
#4 D:\xampp-7.4.10\htdocs\ci4\backend\app\Controllers\BaseAdmin.php(155): App\Controllers\BaseAdmin->viewError(Array)
#5 D:\xampp-7.4.10\htdocs\ci4\backend\app\Controllers\Builtin\Setting_Web.php(15): App\Controllers\BaseAdmin->__construct()
#6 D:\xampp-7.4.10\htdocs\ci4\backend\system\CodeIgniter.php(890): App\Controllers\Builtin\Setting_web->__construct()
#7 D:\xampp-7.4.10\htdocs\ci4\backend\system\CodeIgniter.php(399): CodeIgniter\CodeIgniter->createController()
#8 D:\xampp-7.4.10\htdocs\ci4\backend\system\CodeIgniter.php(312): CodeIgniter\CodeIgniter->handleRequest(NULL, Object(Config\Cache), false)
#9 D:\xampp-7.4.10\htdocs\ci4\backend\index.php(46): CodeIgniter\CodeIgniter->run()
#10 {main}
CRITICAL - 2020-11-06 06:14:49 --> Undefined variable: content
#0 D:\xampp-7.4.10\htdocs\ci4\backend\app\Views\app_error.php(54): CodeIgniter\Debug\Exceptions->errorHandler(8, 'Undefined varia...', 'D:\\xampp-7.4.10...', 54, Array)
#1 D:\xampp-7.4.10\htdocs\ci4\backend\system\View\View.php(246): include('D:\\xampp-7.4.10...')
#2 D:\xampp-7.4.10\htdocs\ci4\backend\system\Common.php(1119): CodeIgniter\View\View->render('app_error.php', Array, true)
#3 D:\xampp-7.4.10\htdocs\ci4\backend\app\Controllers\BaseAdmin.php(233): view('app_error.php', Array)
#4 D:\xampp-7.4.10\htdocs\ci4\backend\app\Controllers\BaseAdmin.php(155): App\Controllers\BaseAdmin->viewError(Array)
#5 D:\xampp-7.4.10\htdocs\ci4\backend\app\Controllers\Builtin\Setting_Web.php(15): App\Controllers\BaseAdmin->__construct()
#6 D:\xampp-7.4.10\htdocs\ci4\backend\system\CodeIgniter.php(890): App\Controllers\Builtin\Setting_web->__construct()
#7 D:\xampp-7.4.10\htdocs\ci4\backend\system\CodeIgniter.php(399): CodeIgniter\CodeIgniter->createController()
#8 D:\xampp-7.4.10\htdocs\ci4\backend\system\CodeIgniter.php(312): CodeIgniter\CodeIgniter->handleRequest(NULL, Object(Config\Cache), false)
#9 D:\xampp-7.4.10\htdocs\ci4\backend\index.php(46): CodeIgniter\CodeIgniter->run()
#10 {main}
CRITICAL - 2020-11-06 19:10:32 --> Undefined index: token
#0 D:\xampp-7.4.10\htdocs\ci4\backend\app\Libraries\Auth.php(99): CodeIgniter\Debug\Exceptions->errorHandler(8, 'Undefined index...', 'D:\\xampp-7.4.10...', 99, Array)
#1 D:\xampp-7.4.10\htdocs\ci4\backend\app\Controllers\Login.php(41): App\Libraries\Auth->validateFormToken('login_form_toke...')
#2 D:\xampp-7.4.10\htdocs\ci4\backend\app\Controllers\Login.php(27): App\Controllers\Login->login()
#3 D:\xampp-7.4.10\htdocs\ci4\backend\system\CodeIgniter.php(918): App\Controllers\Login->index()
#4 D:\xampp-7.4.10\htdocs\ci4\backend\system\CodeIgniter.php(404): CodeIgniter\CodeIgniter->runController(Object(App\Controllers\Login))
#5 D:\xampp-7.4.10\htdocs\ci4\backend\system\CodeIgniter.php(312): CodeIgniter\CodeIgniter->handleRequest(NULL, Object(Config\Cache), false)
#6 D:\xampp-7.4.10\htdocs\ci4\backend\index.php(46): CodeIgniter\CodeIgniter->run()
#7 {main}
CRITICAL - 2020-11-06 06:37:08 --> syntax error, unexpected '(', expecting identifier (T_STRING) or variable (T_VARIABLE) or '{' or '$'
#0 D:\xampp-7.4.10\htdocs\ci4\backend\system\Router\Router.php(195): CodeIgniter\Router\Router->autoRoute('builtin/user-ro...')
#1 D:\xampp-7.4.10\htdocs\ci4\backend\system\CodeIgniter.php(793): CodeIgniter\Router\Router->handle('builtin/user-ro...')
#2 D:\xampp-7.4.10\htdocs\ci4\backend\system\CodeIgniter.php(364): CodeIgniter\CodeIgniter->tryToRouteIt(Object(CodeIgniter\Router\RouteCollection))
#3 D:\xampp-7.4.10\htdocs\ci4\backend\system\CodeIgniter.php(312): CodeIgniter\CodeIgniter->handleRequest(NULL, Object(Config\Cache), false)
#4 D:\xampp-7.4.10\htdocs\ci4\backend\index.php(46): CodeIgniter\CodeIgniter->run()
#5 {main}
CRITICAL - 2020-11-06 19:38:23 --> Call to undefined function App\Models\menu_current()
#0 D:\xampp-7.4.10\htdocs\ci4\backend\app\Models\BaseAdminModel.php(73): App\Models\BaseAdminModel->menuCurrent(Array, '3')
#1 D:\xampp-7.4.10\htdocs\ci4\backend\app\Controllers\BaseAdmin.php(160): App\Models\BaseAdminModel->getMenu('all', false, 'builtin/user-ro...')
#2 D:\xampp-7.4.10\htdocs\ci4\backend\app\Controllers\Builtin\User_Role.php(12): App\Controllers\BaseAdmin->__construct()
#3 D:\xampp-7.4.10\htdocs\ci4\backend\system\CodeIgniter.php(890): App\Controllers\Builtin\User_Role->__construct()
#4 D:\xampp-7.4.10\htdocs\ci4\backend\system\CodeIgniter.php(399): CodeIgniter\CodeIgniter->createController()
#5 D:\xampp-7.4.10\htdocs\ci4\backend\system\CodeIgniter.php(312): CodeIgniter\CodeIgniter->handleRequest(NULL, Object(Config\Cache), false)
#6 D:\xampp-7.4.10\htdocs\ci4\backend\index.php(46): CodeIgniter\CodeIgniter->run()
#7 {main}
CRITICAL - 2020-11-06 19:39:38 --> Call to undefined function menu_current()
#0 D:\xampp-7.4.10\htdocs\ci4\backend\app\Models\BaseAdminModel.php(73): App\Models\BaseAdminModel->menuCurrent(Array, '3')
#1 D:\xampp-7.4.10\htdocs\ci4\backend\app\Controllers\BaseAdmin.php(160): App\Models\BaseAdminModel->getMenu('all', false, 'builtin/user-ro...')
#2 D:\xampp-7.4.10\htdocs\ci4\backend\app\Controllers\Builtin\User_Role.php(12): App\Controllers\BaseAdmin->__construct()
#3 D:\xampp-7.4.10\htdocs\ci4\backend\system\CodeIgniter.php(890): App\Controllers\Builtin\User_Role->__construct()
#4 D:\xampp-7.4.10\htdocs\ci4\backend\system\CodeIgniter.php(399): CodeIgniter\CodeIgniter->createController()
#5 D:\xampp-7.4.10\htdocs\ci4\backend\system\CodeIgniter.php(312): CodeIgniter\CodeIgniter->handleRequest(NULL, Object(Config\Cache), false)
#6 D:\xampp-7.4.10\htdocs\ci4\backend\index.php(46): CodeIgniter\CodeIgniter->run()
#7 {main}
CRITICAL - 2020-11-06 19:39:56 --> Undefined variable: config
#0 D:\xampp-7.4.10\htdocs\ci4\backend\app\Controllers\Builtin\User_Role.php(13): CodeIgniter\Debug\Exceptions->errorHandler(8, 'Undefined varia...', 'D:\\xampp-7.4.10...', 13, Array)
#1 D:\xampp-7.4.10\htdocs\ci4\backend\system\CodeIgniter.php(890): App\Controllers\Builtin\User_Role->__construct()
#2 D:\xampp-7.4.10\htdocs\ci4\backend\system\CodeIgniter.php(399): CodeIgniter\CodeIgniter->createController()
#3 D:\xampp-7.4.10\htdocs\ci4\backend\system\CodeIgniter.php(312): CodeIgniter\CodeIgniter->handleRequest(NULL, Object(Config\Cache), false)
#4 D:\xampp-7.4.10\htdocs\ci4\backend\index.php(46): CodeIgniter\CodeIgniter->run()
#5 {main}
CRITICAL - 2020-11-06 19:40:17 --> Cannot redeclare App\Models\Builtin\UserRoleModel::getAllRole()
#0 [internal function]: CodeIgniter\Debug\Exceptions->shutdownHandler()
#1 {main}
CRITICAL - 2020-11-06 19:40:30 --> Cannot redeclare App\Models\Builtin\UserRoleModel::deleteData()
#0 [internal function]: CodeIgniter\Debug\Exceptions->shutdownHandler()
#1 {main}
CRITICAL - 2020-11-06 19:40:42 --> Undefined index: id_user
#0 D:\xampp-7.4.10\htdocs\ci4\backend\app\Controllers\Builtin\User_Role.php(27): CodeIgniter\Debug\Exceptions->errorHandler(8, 'Undefined index...', 'D:\\xampp-7.4.10...', 27, Array)
#1 D:\xampp-7.4.10\htdocs\ci4\backend\system\CodeIgniter.php(890): App\Controllers\Builtin\User_Role->__construct()
#2 D:\xampp-7.4.10\htdocs\ci4\backend\system\CodeIgniter.php(399): CodeIgniter\CodeIgniter->createController()
#3 D:\xampp-7.4.10\htdocs\ci4\backend\system\CodeIgniter.php(312): CodeIgniter\CodeIgniter->handleRequest(NULL, Object(Config\Cache), false)
#4 D:\xampp-7.4.10\htdocs\ci4\backend\index.php(46): CodeIgniter\CodeIgniter->run()
#5 {main}
CRITICAL - 2020-11-06 19:41:36 --> Undefined index: id_user
#0 D:\xampp-7.4.10\htdocs\ci4\backend\app\Controllers\Builtin\User_Role.php(28): CodeIgniter\Debug\Exceptions->errorHandler(8, 'Undefined index...', 'D:\\xampp-7.4.10...', 28, Array)
#1 D:\xampp-7.4.10\htdocs\ci4\backend\system\CodeIgniter.php(890): App\Controllers\Builtin\User_Role->__construct()
#2 D:\xampp-7.4.10\htdocs\ci4\backend\system\CodeIgniter.php(399): CodeIgniter\CodeIgniter->createController()
#3 D:\xampp-7.4.10\htdocs\ci4\backend\system\CodeIgniter.php(312): CodeIgniter\CodeIgniter->handleRequest(NULL, Object(Config\Cache), false)
#4 D:\xampp-7.4.10\htdocs\ci4\backend\index.php(46): CodeIgniter\CodeIgniter->run()
#5 {main}
CRITICAL - 2020-11-06 19:44:22 --> Undefined index: username
#0 D:\xampp-7.4.10\htdocs\ci4\backend\app\Views\themes\modern\builtin\user-role-data.php(44): CodeIgniter\Debug\Exceptions->errorHandler(8, 'Undefined index...', 'D:\\xampp-7.4.10...', 44, Array)
#1 D:\xampp-7.4.10\htdocs\ci4\backend\system\View\View.php(246): include('D:\\xampp-7.4.10...')
#2 D:\xampp-7.4.10\htdocs\ci4\backend\system\Common.php(1119): CodeIgniter\View\View->render('themes/modern/b...', Array, true)
#3 D:\xampp-7.4.10\htdocs\ci4\backend\app\Controllers\BaseAdmin.php(241): view('themes/modern/b...', Array)
#4 D:\xampp-7.4.10\htdocs\ci4\backend\app\Controllers\Builtin\User_Role.php(49): App\Controllers\BaseAdmin->view('builtin/user-ro...', Array)
#5 D:\xampp-7.4.10\htdocs\ci4\backend\system\CodeIgniter.php(918): App\Controllers\Builtin\User_Role->index()
#6 D:\xampp-7.4.10\htdocs\ci4\backend\system\CodeIgniter.php(404): CodeIgniter\CodeIgniter->runController(Object(App\Controllers\Builtin\User_Role))
#7 D:\xampp-7.4.10\htdocs\ci4\backend\system\CodeIgniter.php(312): CodeIgniter\CodeIgniter->handleRequest(NULL, Object(Config\Cache), false)
#8 D:\xampp-7.4.10\htdocs\ci4\backend\index.php(46): CodeIgniter\CodeIgniter->run()
#9 {main}
CRITICAL - 2020-11-06 19:45:11 --> Trying to access array offset on value of type null
#0 D:\xampp-7.4.10\htdocs\ci4\backend\app\Helpers\util_helper.php(85): CodeIgniter\Debug\Exceptions->errorHandler(8, 'Trying to acces...', 'D:\\xampp-7.4.10...', 85, Array)
#1 D:\xampp-7.4.10\htdocs\ci4\backend\app\Views\themes\modern\builtin\user-role-data.php(50): module_url()
#2 D:\xampp-7.4.10\htdocs\ci4\backend\system\View\View.php(246): include('D:\\xampp-7.4.10...')
#3 D:\xampp-7.4.10\htdocs\ci4\backend\system\Common.php(1119): CodeIgniter\View\View->render('themes/modern/b...', Array, true)
#4 D:\xampp-7.4.10\htdocs\ci4\backend\app\Controllers\BaseAdmin.php(241): view('themes/modern/b...', Array)
#5 D:\xampp-7.4.10\htdocs\ci4\backend\app\Controllers\Builtin\User_Role.php(49): App\Controllers\BaseAdmin->view('builtin/user-ro...', Array)
#6 D:\xampp-7.4.10\htdocs\ci4\backend\system\CodeIgniter.php(918): App\Controllers\Builtin\User_Role->index()
#7 D:\xampp-7.4.10\htdocs\ci4\backend\system\CodeIgniter.php(404): CodeIgniter\CodeIgniter->runController(Object(App\Controllers\Builtin\User_Role))
#8 D:\xampp-7.4.10\htdocs\ci4\backend\system\CodeIgniter.php(312): CodeIgniter\CodeIgniter->handleRequest(NULL, Object(Config\Cache), false)
#9 D:\xampp-7.4.10\htdocs\ci4\backend\index.php(46): CodeIgniter\CodeIgniter->run()
#10 {main}
CRITICAL - 2020-11-06 20:12:22 --> Cannot redeclare App\Models\Builtin\ModuleRoleModel::getModuleStatus()
#0 [internal function]: CodeIgniter\Debug\Exceptions->shutdownHandler()
#1 {main}
CRITICAL - 2020-11-06 20:12:46 --> Declaration of App\Models\Builtin\ModuleRoleModel::getModuleRole() should be compatible with App\Models\BaseAdminModel::getModuleRole($id_module)
#0 D:\xampp-7.4.10\htdocs\ci4\backend\system\Autoloader\Autoloader.php(365): CodeIgniter\Debug\Exceptions->errorHandler(2, 'Declaration of ...', 'D:\\xampp-7.4.10...', 18, Array)
#1 D:\xampp-7.4.10\htdocs\ci4\backend\system\Autoloader\Autoloader.php(365): require_once()
#2 D:\xampp-7.4.10\htdocs\ci4\backend\system\Autoloader\Autoloader.php(296): CodeIgniter\Autoloader\Autoloader->requireFile('D:\\xampp-7.4.10...')
#3 D:\xampp-7.4.10\htdocs\ci4\backend\system\Autoloader\Autoloader.php(258): CodeIgniter\Autoloader\Autoloader->loadInNamespace('App\\Models\\Buil...')
#4 [internal function]: CodeIgniter\Autoloader\Autoloader->loadClass('App\\Models\\Buil...')
#5 D:\xampp-7.4.10\htdocs\ci4\backend\app\Controllers\Builtin\Module_Role.php(16): spl_autoload_call('App\\Models\\Buil...')
#6 D:\xampp-7.4.10\htdocs\ci4\backend\system\CodeIgniter.php(890): App\Controllers\Builtin\Module_Role->__construct()
#7 D:\xampp-7.4.10\htdocs\ci4\backend\system\CodeIgniter.php(399): CodeIgniter\CodeIgniter->createController()
#8 D:\xampp-7.4.10\htdocs\ci4\backend\system\CodeIgniter.php(312): CodeIgniter\CodeIgniter->handleRequest(NULL, Object(Config\Cache), false)
#9 D:\xampp-7.4.10\htdocs\ci4\backend\index.php(46): CodeIgniter\CodeIgniter->run()
#10 {main}
CRITICAL - 2020-11-06 20:15:12 --> Call to undefined method CodeIgniter\Database\MySQLi\Result::result()
#0 D:\xampp-7.4.10\htdocs\ci4\backend\app\Controllers\Builtin\Module_Role.php(52): App\Models\Builtin\ModuleRoleModel->getModuleStatus()
#1 D:\xampp-7.4.10\htdocs\ci4\backend\system\CodeIgniter.php(918): App\Controllers\Builtin\Module_Role->index()
#2 D:\xampp-7.4.10\htdocs\ci4\backend\system\CodeIgniter.php(404): CodeIgniter\CodeIgniter->runController(Object(App\Controllers\Builtin\Module_Role))
#3 D:\xampp-7.4.10\htdocs\ci4\backend\system\CodeIgniter.php(312): CodeIgniter\CodeIgniter->handleRequest(NULL, Object(Config\Cache), false)
#4 D:\xampp-7.4.10\htdocs\ci4\backend\index.php(46): CodeIgniter\CodeIgniter->run()
#5 {main}
CRITICAL - 2020-11-06 20:16:49 --> Undefined index: all
#0 D:\xampp-7.4.10\htdocs\ci4\backend\app\Views\themes\modern\builtin\module-role-data.php(38): CodeIgniter\Debug\Exceptions->errorHandler(8, 'Undefined index...', 'D:\\xampp-7.4.10...', 38, Array)
#1 D:\xampp-7.4.10\htdocs\ci4\backend\system\View\View.php(246): include('D:\\xampp-7.4.10...')
#2 D:\xampp-7.4.10\htdocs\ci4\backend\system\Common.php(1119): CodeIgniter\View\View->render('themes/modern/b...', Array, true)
#3 D:\xampp-7.4.10\htdocs\ci4\backend\app\Controllers\BaseAdmin.php(241): view('themes/modern/b...', Array)
#4 D:\xampp-7.4.10\htdocs\ci4\backend\app\Controllers\Builtin\Module_Role.php(54): App\Controllers\BaseAdmin->view('builtin/module-...', Array)
#5 D:\xampp-7.4.10\htdocs\ci4\backend\system\CodeIgniter.php(918): App\Controllers\Builtin\Module_Role->index()
#6 D:\xampp-7.4.10\htdocs\ci4\backend\system\CodeIgniter.php(404): CodeIgniter\CodeIgniter->runController(Object(App\Controllers\Builtin\Module_Role))
#7 D:\xampp-7.4.10\htdocs\ci4\backend\system\CodeIgniter.php(312): CodeIgniter\CodeIgniter->handleRequest(NULL, Object(Config\Cache), false)
#8 D:\xampp-7.4.10\htdocs\ci4\backend\index.php(46): CodeIgniter\CodeIgniter->run()
#9 {main}
CRITICAL - 2020-11-06 20:19:25 --> Array to string conversion
#0 D:\xampp-7.4.10\htdocs\ci4\backend\app\Views\themes\modern\builtin\module-role-data.php(29): CodeIgniter\Debug\Exceptions->errorHandler(8, 'Array to string...', 'D:\\xampp-7.4.10...', 29, Array)
#1 D:\xampp-7.4.10\htdocs\ci4\backend\system\View\View.php(246): include('D:\\xampp-7.4.10...')
#2 D:\xampp-7.4.10\htdocs\ci4\backend\system\Common.php(1119): CodeIgniter\View\View->render('themes/modern/b...', Array, true)
#3 D:\xampp-7.4.10\htdocs\ci4\backend\app\Controllers\BaseAdmin.php(241): view('themes/modern/b...', Array)
#4 D:\xampp-7.4.10\htdocs\ci4\backend\app\Controllers\Builtin\Module_Role.php(54): App\Controllers\BaseAdmin->view('builtin/module-...', Array)
#5 D:\xampp-7.4.10\htdocs\ci4\backend\system\CodeIgniter.php(918): App\Controllers\Builtin\Module_Role->index()
#6 D:\xampp-7.4.10\htdocs\ci4\backend\system\CodeIgniter.php(404): CodeIgniter\CodeIgniter->runController(Object(App\Controllers\Builtin\Module_Role))
#7 D:\xampp-7.4.10\htdocs\ci4\backend\system\CodeIgniter.php(312): CodeIgniter\CodeIgniter->handleRequest(NULL, Object(Config\Cache), false)
#8 D:\xampp-7.4.10\htdocs\ci4\backend\index.php(46): CodeIgniter\CodeIgniter->run()
#9 {main}
CRITICAL - 2020-11-06 20:20:00 --> Undefined index: all
#0 D:\xampp-7.4.10\htdocs\ci4\backend\app\Views\themes\modern\builtin\module-role-data.php(38): CodeIgniter\Debug\Exceptions->errorHandler(8, 'Undefined index...', 'D:\\xampp-7.4.10...', 38, Array)
#1 D:\xampp-7.4.10\htdocs\ci4\backend\system\View\View.php(246): include('D:\\xampp-7.4.10...')
#2 D:\xampp-7.4.10\htdocs\ci4\backend\system\Common.php(1119): CodeIgniter\View\View->render('themes/modern/b...', Array, true)
#3 D:\xampp-7.4.10\htdocs\ci4\backend\app\Controllers\BaseAdmin.php(241): view('themes/modern/b...', Array)
#4 D:\xampp-7.4.10\htdocs\ci4\backend\app\Controllers\Builtin\Module_Role.php(54): App\Controllers\BaseAdmin->view('builtin/module-...', Array)
#5 D:\xampp-7.4.10\htdocs\ci4\backend\system\CodeIgniter.php(918): App\Controllers\Builtin\Module_Role->index()
#6 D:\xampp-7.4.10\htdocs\ci4\backend\system\CodeIgniter.php(404): CodeIgniter\CodeIgniter->runController(Object(App\Controllers\Builtin\Module_Role))
#7 D:\xampp-7.4.10\htdocs\ci4\backend\system\CodeIgniter.php(312): CodeIgniter\CodeIgniter->handleRequest(NULL, Object(Config\Cache), false)
#8 D:\xampp-7.4.10\htdocs\ci4\backend\index.php(46): CodeIgniter\CodeIgniter->run()
#9 {main}
CRITICAL - 2020-11-06 20:20:23 --> Undefined index: all
#0 D:\xampp-7.4.10\htdocs\ci4\backend\app\Views\themes\modern\builtin\module-role-data.php(39): CodeIgniter\Debug\Exceptions->errorHandler(8, 'Undefined index...', 'D:\\xampp-7.4.10...', 39, Array)
#1 D:\xampp-7.4.10\htdocs\ci4\backend\system\View\View.php(246): include('D:\\xampp-7.4.10...')
#2 D:\xampp-7.4.10\htdocs\ci4\backend\system\Common.php(1119): CodeIgniter\View\View->render('themes/modern/b...', Array, true)
#3 D:\xampp-7.4.10\htdocs\ci4\backend\app\Controllers\BaseAdmin.php(241): view('themes/modern/b...', Array)
#4 D:\xampp-7.4.10\htdocs\ci4\backend\app\Controllers\Builtin\Module_Role.php(54): App\Controllers\BaseAdmin->view('builtin/module-...', Array)
#5 D:\xampp-7.4.10\htdocs\ci4\backend\system\CodeIgniter.php(918): App\Controllers\Builtin\Module_Role->index()
#6 D:\xampp-7.4.10\htdocs\ci4\backend\system\CodeIgniter.php(404): CodeIgniter\CodeIgniter->runController(Object(App\Controllers\Builtin\Module_Role))
#7 D:\xampp-7.4.10\htdocs\ci4\backend\system\CodeIgniter.php(312): CodeIgniter\CodeIgniter->handleRequest(NULL, Object(Config\Cache), false)
#8 D:\xampp-7.4.10\htdocs\ci4\backend\index.php(46): CodeIgniter\CodeIgniter->run()
#9 {main}
CRITICAL - 2020-11-06 20:20:42 --> Undefined index: all
#0 D:\xampp-7.4.10\htdocs\ci4\backend\app\Views\themes\modern\builtin\module-role-data.php(39): CodeIgniter\Debug\Exceptions->errorHandler(8, 'Undefined index...', 'D:\\xampp-7.4.10...', 39, Array)
#1 D:\xampp-7.4.10\htdocs\ci4\backend\system\View\View.php(246): include('D:\\xampp-7.4.10...')
#2 D:\xampp-7.4.10\htdocs\ci4\backend\system\Common.php(1119): CodeIgniter\View\View->render('themes/modern/b...', Array, true)
#3 D:\xampp-7.4.10\htdocs\ci4\backend\app\Controllers\BaseAdmin.php(241): view('themes/modern/b...', Array)
#4 D:\xampp-7.4.10\htdocs\ci4\backend\app\Controllers\Builtin\Module_Role.php(54): App\Controllers\BaseAdmin->view('builtin/module-...', Array)
#5 D:\xampp-7.4.10\htdocs\ci4\backend\system\CodeIgniter.php(918): App\Controllers\Builtin\Module_Role->index()
#6 D:\xampp-7.4.10\htdocs\ci4\backend\system\CodeIgniter.php(404): CodeIgniter\CodeIgniter->runController(Object(App\Controllers\Builtin\Module_Role))
#7 D:\xampp-7.4.10\htdocs\ci4\backend\system\CodeIgniter.php(312): CodeIgniter\CodeIgniter->handleRequest(NULL, Object(Config\Cache), false)
#8 D:\xampp-7.4.10\htdocs\ci4\backend\index.php(46): CodeIgniter\CodeIgniter->run()
#9 {main}
CRITICAL - 2020-11-06 20:20:47 --> Undefined index: all
#0 D:\xampp-7.4.10\htdocs\ci4\backend\app\Views\themes\modern\builtin\module-role-data.php(39): CodeIgniter\Debug\Exceptions->errorHandler(8, 'Undefined index...', 'D:\\xampp-7.4.10...', 39, Array)
#1 D:\xampp-7.4.10\htdocs\ci4\backend\system\View\View.php(246): include('D:\\xampp-7.4.10...')
#2 D:\xampp-7.4.10\htdocs\ci4\backend\system\Common.php(1119): CodeIgniter\View\View->render('themes/modern/b...', Array, true)
#3 D:\xampp-7.4.10\htdocs\ci4\backend\app\Controllers\BaseAdmin.php(241): view('themes/modern/b...', Array)
#4 D:\xampp-7.4.10\htdocs\ci4\backend\app\Controllers\Builtin\Module_Role.php(54): App\Controllers\BaseAdmin->view('builtin/module-...', Array)
#5 D:\xampp-7.4.10\htdocs\ci4\backend\system\CodeIgniter.php(918): App\Controllers\Builtin\Module_Role->index()
#6 D:\xampp-7.4.10\htdocs\ci4\backend\system\CodeIgniter.php(404): CodeIgniter\CodeIgniter->runController(Object(App\Controllers\Builtin\Module_Role))
#7 D:\xampp-7.4.10\htdocs\ci4\backend\system\CodeIgniter.php(312): CodeIgniter\CodeIgniter->handleRequest(NULL, Object(Config\Cache), false)
#8 D:\xampp-7.4.10\htdocs\ci4\backend\index.php(46): CodeIgniter\CodeIgniter->run()
#9 {main}
CRITICAL - 2020-11-06 20:21:17 --> Undefined index: all
#0 D:\xampp-7.4.10\htdocs\ci4\backend\app\Views\themes\modern\builtin\module-role-data.php(39): CodeIgniter\Debug\Exceptions->errorHandler(8, 'Undefined index...', 'D:\\xampp-7.4.10...', 39, Array)
#1 D:\xampp-7.4.10\htdocs\ci4\backend\system\View\View.php(246): include('D:\\xampp-7.4.10...')
#2 D:\xampp-7.4.10\htdocs\ci4\backend\system\Common.php(1119): CodeIgniter\View\View->render('themes/modern/b...', Array, true)
#3 D:\xampp-7.4.10\htdocs\ci4\backend\app\Controllers\BaseAdmin.php(241): view('themes/modern/b...', Array)
#4 D:\xampp-7.4.10\htdocs\ci4\backend\app\Controllers\Builtin\Module_Role.php(54): App\Controllers\BaseAdmin->view('builtin/module-...', Array)
#5 D:\xampp-7.4.10\htdocs\ci4\backend\system\CodeIgniter.php(918): App\Controllers\Builtin\Module_Role->index()
#6 D:\xampp-7.4.10\htdocs\ci4\backend\system\CodeIgniter.php(404): CodeIgniter\CodeIgniter->runController(Object(App\Controllers\Builtin\Module_Role))
#7 D:\xampp-7.4.10\htdocs\ci4\backend\system\CodeIgniter.php(312): CodeIgniter\CodeIgniter->handleRequest(NULL, Object(Config\Cache), false)
#8 D:\xampp-7.4.10\htdocs\ci4\backend\index.php(46): CodeIgniter\CodeIgniter->run()
#9 {main}
CRITICAL - 2020-11-06 20:23:33 --> Undefined index: all
#0 D:\xampp-7.4.10\htdocs\ci4\backend\app\Views\themes\modern\builtin\module-role-data.php(39): CodeIgniter\Debug\Exceptions->errorHandler(8, 'Undefined index...', 'D:\\xampp-7.4.10...', 39, Array)
#1 D:\xampp-7.4.10\htdocs\ci4\backend\system\View\View.php(246): include('D:\\xampp-7.4.10...')
#2 D:\xampp-7.4.10\htdocs\ci4\backend\system\Common.php(1119): CodeIgniter\View\View->render('themes/modern/b...', Array, true)
#3 D:\xampp-7.4.10\htdocs\ci4\backend\app\Controllers\BaseAdmin.php(241): view('themes/modern/b...', Array)
#4 D:\xampp-7.4.10\htdocs\ci4\backend\app\Controllers\Builtin\Module_Role.php(54): App\Controllers\BaseAdmin->view('builtin/module-...', Array)
#5 D:\xampp-7.4.10\htdocs\ci4\backend\system\CodeIgniter.php(918): App\Controllers\Builtin\Module_Role->index()
#6 D:\xampp-7.4.10\htdocs\ci4\backend\system\CodeIgniter.php(404): CodeIgniter\CodeIgniter->runController(Object(App\Controllers\Builtin\Module_Role))
#7 D:\xampp-7.4.10\htdocs\ci4\backend\system\CodeIgniter.php(312): CodeIgniter\CodeIgniter->handleRequest(NULL, Object(Config\Cache), false)
#8 D:\xampp-7.4.10\htdocs\ci4\backend\index.php(46): CodeIgniter\CodeIgniter->run()
#9 {main}
CRITICAL - 2020-11-06 20:24:19 --> Trying to access array offset on value of type null
#0 D:\xampp-7.4.10\htdocs\ci4\backend\app\Helpers\util_helper.php(85): CodeIgniter\Debug\Exceptions->errorHandler(8, 'Trying to acces...', 'D:\\xampp-7.4.10...', 85, Array)
#1 D:\xampp-7.4.10\htdocs\ci4\backend\app\Views\themes\modern\builtin\module-role-data.php(49): module_url()
#2 D:\xampp-7.4.10\htdocs\ci4\backend\system\View\View.php(246): include('D:\\xampp-7.4.10...')
#3 D:\xampp-7.4.10\htdocs\ci4\backend\system\Common.php(1119): CodeIgniter\View\View->render('themes/modern/b...', Array, true)
#4 D:\xampp-7.4.10\htdocs\ci4\backend\app\Controllers\BaseAdmin.php(241): view('themes/modern/b...', Array)
#5 D:\xampp-7.4.10\htdocs\ci4\backend\app\Controllers\Builtin\Module_Role.php(54): App\Controllers\BaseAdmin->view('builtin/module-...', Array)
#6 D:\xampp-7.4.10\htdocs\ci4\backend\system\CodeIgniter.php(918): App\Controllers\Builtin\Module_Role->index()
#7 D:\xampp-7.4.10\htdocs\ci4\backend\system\CodeIgniter.php(404): CodeIgniter\CodeIgniter->runController(Object(App\Controllers\Builtin\Module_Role))
#8 D:\xampp-7.4.10\htdocs\ci4\backend\system\CodeIgniter.php(312): CodeIgniter\CodeIgniter->handleRequest(NULL, Object(Config\Cache), false)
#9 D:\xampp-7.4.10\htdocs\ci4\backend\index.php(46): CodeIgniter\CodeIgniter->run()
#10 {main}
CRITICAL - 2020-11-06 20:25:03 --> Trying to access array offset on value of type null
#0 D:\xampp-7.4.10\htdocs\ci4\backend\app\Helpers\util_helper.php(85): CodeIgniter\Debug\Exceptions->errorHandler(8, 'Trying to acces...', 'D:\\xampp-7.4.10...', 85, Array)
#1 D:\xampp-7.4.10\htdocs\ci4\backend\app\Views\themes\modern\builtin\module-role-data.php(50): module_url()
#2 D:\xampp-7.4.10\htdocs\ci4\backend\system\View\View.php(246): include('D:\\xampp-7.4.10...')
#3 D:\xampp-7.4.10\htdocs\ci4\backend\system\Common.php(1119): CodeIgniter\View\View->render('themes/modern/b...', Array, true)
#4 D:\xampp-7.4.10\htdocs\ci4\backend\app\Controllers\BaseAdmin.php(241): view('themes/modern/b...', Array)
#5 D:\xampp-7.4.10\htdocs\ci4\backend\app\Controllers\Builtin\Module_Role.php(54): App\Controllers\BaseAdmin->view('builtin/module-...', Array)
#6 D:\xampp-7.4.10\htdocs\ci4\backend\system\CodeIgniter.php(918): App\Controllers\Builtin\Module_Role->index()
#7 D:\xampp-7.4.10\htdocs\ci4\backend\system\CodeIgniter.php(404): CodeIgniter\CodeIgniter->runController(Object(App\Controllers\Builtin\Module_Role))
#8 D:\xampp-7.4.10\htdocs\ci4\backend\system\CodeIgniter.php(312): CodeIgniter\CodeIgniter->handleRequest(NULL, Object(Config\Cache), false)
#9 D:\xampp-7.4.10\htdocs\ci4\backend\index.php(46): CodeIgniter\CodeIgniter->run()
#10 {main}
CRITICAL - 2020-11-06 20:32:07 --> Call to undefined method App\Controllers\Builtin\Module_Role::addStyles()
#0 D:\xampp-7.4.10\htdocs\ci4\backend\system\CodeIgniter.php(890): App\Controllers\Builtin\Module_Role->__construct()
#1 D:\xampp-7.4.10\htdocs\ci4\backend\system\CodeIgniter.php(399): CodeIgniter\CodeIgniter->createController()
#2 D:\xampp-7.4.10\htdocs\ci4\backend\system\CodeIgniter.php(312): CodeIgniter\CodeIgniter->handleRequest(NULL, Object(Config\Cache), false)
#3 D:\xampp-7.4.10\htdocs\ci4\backend\index.php(46): CodeIgniter\CodeIgniter->run()
#4 {main}
CRITICAL - 2020-11-06 20:35:57 --> Call to undefined function set_value()
#0 D:\xampp-7.4.10\htdocs\ci4\backend\system\View\View.php(246): include()
#1 D:\xampp-7.4.10\htdocs\ci4\backend\system\Common.php(1119): CodeIgniter\View\View->render('themes/modern/b...', Array, true)
#2 D:\xampp-7.4.10\htdocs\ci4\backend\app\Controllers\BaseAdmin.php(241): view('themes/modern/b...', Array)
#3 D:\xampp-7.4.10\htdocs\ci4\backend\app\Controllers\Builtin\Module_Role.php(99): App\Controllers\BaseAdmin->view('builtin/role-fo...', Array)
#4 D:\xampp-7.4.10\htdocs\ci4\backend\system\CodeIgniter.php(918): App\Controllers\Builtin\Module_Role->edit()
#5 D:\xampp-7.4.10\htdocs\ci4\backend\system\CodeIgniter.php(404): CodeIgniter\CodeIgniter->runController(Object(App\Controllers\Builtin\Module_Role))
#6 D:\xampp-7.4.10\htdocs\ci4\backend\system\CodeIgniter.php(312): CodeIgniter\CodeIgniter->handleRequest(NULL, Object(Config\Cache), false)
#7 D:\xampp-7.4.10\htdocs\ci4\backend\index.php(46): CodeIgniter\CodeIgniter->run()
#8 {main}
CRITICAL - 2020-11-06 20:42:58 --> Call to undefined function set_value()
#0 D:\xampp-7.4.10\htdocs\ci4\backend\system\View\View.php(246): include()
#1 D:\xampp-7.4.10\htdocs\ci4\backend\system\Common.php(1119): CodeIgniter\View\View->render('themes/modern/b...', Array, true)
#2 D:\xampp-7.4.10\htdocs\ci4\backend\app\Controllers\BaseAdmin.php(241): view('themes/modern/b...', Array)
#3 D:\xampp-7.4.10\htdocs\ci4\backend\app\Controllers\Builtin\Module_Role.php(119): App\Controllers\BaseAdmin->view('builtin/role-fo...', Array)
#4 D:\xampp-7.4.10\htdocs\ci4\backend\system\CodeIgniter.php(918): App\Controllers\Builtin\Module_Role->edit()
#5 D:\xampp-7.4.10\htdocs\ci4\backend\system\CodeIgniter.php(404): CodeIgniter\CodeIgniter->runController(Object(App\Controllers\Builtin\Module_Role))
#6 D:\xampp-7.4.10\htdocs\ci4\backend\system\CodeIgniter.php(312): CodeIgniter\CodeIgniter->handleRequest(NULL, Object(Config\Cache), false)
#7 D:\xampp-7.4.10\htdocs\ci4\backend\index.php(46): CodeIgniter\CodeIgniter->run()
#8 {main}
CRITICAL - 2020-11-06 14:59:40 --> 'break' not in the 'loop' or 'switch' context
#0 [internal function]: CodeIgniter\Debug\Exceptions->shutdownHandler()
#1 {main}
CRITICAL - 2020-11-06 15:55:56 --> Undefined variable: _SESSION
#0 D:\xampp-7.4.10\htdocs\ci4\backend\app\Controllers\Builtin\Module_Role.php(11): CodeIgniter\Debug\Exceptions->errorHandler(8, 'Undefined varia...', 'D:\\xampp-7.4.10...', 11, Array)
#1 D:\xampp-7.4.10\htdocs\ci4\backend\system\CodeIgniter.php(890): App\Controllers\Builtin\Module_Role->__construct()
#2 D:\xampp-7.4.10\htdocs\ci4\backend\system\CodeIgniter.php(399): CodeIgniter\CodeIgniter->createController()
#3 D:\xampp-7.4.10\htdocs\ci4\backend\system\CodeIgniter.php(312): CodeIgniter\CodeIgniter->handleRequest(NULL, Object(Config\Cache), false)
#4 D:\xampp-7.4.10\htdocs\ci4\backend\index.php(46): CodeIgniter\CodeIgniter->run()
#5 {main}
CRITICAL - 2020-11-06 17:35:59 --> syntax error, unexpected 'private' (T_PRIVATE)
#0 D:\xampp-7.4.10\htdocs\ci4\backend\system\Router\Router.php(195): CodeIgniter\Router\Router->autoRoute('builtin/menu-ro...')
#1 D:\xampp-7.4.10\htdocs\ci4\backend\system\CodeIgniter.php(793): CodeIgniter\Router\Router->handle('builtin/menu-ro...')
#2 D:\xampp-7.4.10\htdocs\ci4\backend\system\CodeIgniter.php(364): CodeIgniter\CodeIgniter->tryToRouteIt(Object(CodeIgniter\Router\RouteCollection))
#3 D:\xampp-7.4.10\htdocs\ci4\backend\system\CodeIgniter.php(312): CodeIgniter\CodeIgniter->handleRequest(NULL, Object(Config\Cache), false)
#4 D:\xampp-7.4.10\htdocs\ci4\backend\index.php(46): CodeIgniter\CodeIgniter->run()
#5 {main}
CRITICAL - 2020-11-06 23:53:59 --> Class 'App\Controllers\BaseController' not found
#0 D:\xampp-7.4.10\htdocs\ci4\backend\system\Autoloader\Autoloader.php(365): require_once()
#1 D:\xampp-7.4.10\htdocs\ci4\backend\system\Autoloader\Autoloader.php(296): CodeIgniter\Autoloader\Autoloader->requireFile('D:\\xampp-7.4.10...')
#2 D:\xampp-7.4.10\htdocs\ci4\backend\system\Autoloader\Autoloader.php(258): CodeIgniter\Autoloader\Autoloader->loadInNamespace('App\\Controllers...')
#3 [internal function]: CodeIgniter\Autoloader\Autoloader->loadClass('App\\Controllers...')
#4 [internal function]: spl_autoload_call('App\\Controllers...')
#5 D:\xampp-7.4.10\htdocs\ci4\backend\system\CodeIgniter.php(869): class_exists('\\App\\Controller...', true)
#6 D:\xampp-7.4.10\htdocs\ci4\backend\system\CodeIgniter.php(394): CodeIgniter\CodeIgniter->startController()
#7 D:\xampp-7.4.10\htdocs\ci4\backend\system\CodeIgniter.php(312): CodeIgniter\CodeIgniter->handleRequest(NULL, Object(Config\Cache), false)
#8 D:\xampp-7.4.10\htdocs\ci4\backend\index.php(46): CodeIgniter\CodeIgniter->run()
#9 {main}
CRITICAL - 2020-11-06 23:55:17 --> Class 'App\Controllers\BaseController' not found
#0 D:\xampp-7.4.10\htdocs\ci4\backend\system\Autoloader\Autoloader.php(365): require_once()
#1 D:\xampp-7.4.10\htdocs\ci4\backend\system\Autoloader\Autoloader.php(296): CodeIgniter\Autoloader\Autoloader->requireFile('D:\\xampp-7.4.10...')
#2 D:\xampp-7.4.10\htdocs\ci4\backend\system\Autoloader\Autoloader.php(258): CodeIgniter\Autoloader\Autoloader->loadInNamespace('App\\Controllers...')
#3 [internal function]: CodeIgniter\Autoloader\Autoloader->loadClass('App\\Controllers...')
#4 [internal function]: spl_autoload_call('App\\Controllers...')
#5 D:\xampp-7.4.10\htdocs\ci4\backend\system\CodeIgniter.php(869): class_exists('\\App\\Controller...', true)
#6 D:\xampp-7.4.10\htdocs\ci4\backend\system\CodeIgniter.php(394): CodeIgniter\CodeIgniter->startController()
#7 D:\xampp-7.4.10\htdocs\ci4\backend\system\CodeIgniter.php(312): CodeIgniter\CodeIgniter->handleRequest(NULL, Object(Config\Cache), false)
#8 D:\xampp-7.4.10\htdocs\ci4\backend\index.php(46): CodeIgniter\CodeIgniter->run()
#9 {main}
CRITICAL - 2020-11-06 23:55:56 --> Class 'App\Controllers\BaseController' not found
#0 D:\xampp-7.4.10\htdocs\ci4\backend\system\Autoloader\Autoloader.php(365): require_once()
#1 D:\xampp-7.4.10\htdocs\ci4\backend\system\Autoloader\Autoloader.php(296): CodeIgniter\Autoloader\Autoloader->requireFile('D:\\xampp-7.4.10...')
#2 D:\xampp-7.4.10\htdocs\ci4\backend\system\Autoloader\Autoloader.php(258): CodeIgniter\Autoloader\Autoloader->loadInNamespace('App\\Controllers...')
#3 [internal function]: CodeIgniter\Autoloader\Autoloader->loadClass('App\\Controllers...')
#4 [internal function]: spl_autoload_call('App\\Controllers...')
#5 D:\xampp-7.4.10\htdocs\ci4\backend\system\CodeIgniter.php(869): class_exists('\\App\\Controller...', true)
#6 D:\xampp-7.4.10\htdocs\ci4\backend\system\CodeIgniter.php(394): CodeIgniter\CodeIgniter->startController()
#7 D:\xampp-7.4.10\htdocs\ci4\backend\system\CodeIgniter.php(312): CodeIgniter\CodeIgniter->handleRequest(NULL, Object(Config\Cache), false)
#8 D:\xampp-7.4.10\htdocs\ci4\backend\index.php(46): CodeIgniter\CodeIgniter->run()
#9 {main}
CRITICAL - 2020-11-06 23:56:25 --> Class 'App\Controllers\BaseAdmin' not found
#0 D:\xampp-7.4.10\htdocs\ci4\backend\system\Router\Router.php(583): include_once()
#1 D:\xampp-7.4.10\htdocs\ci4\backend\system\Router\Router.php(195): CodeIgniter\Router\Router->autoRoute('login')
#2 D:\xampp-7.4.10\htdocs\ci4\backend\system\CodeIgniter.php(793): CodeIgniter\Router\Router->handle('login')
#3 D:\xampp-7.4.10\htdocs\ci4\backend\system\CodeIgniter.php(364): CodeIgniter\CodeIgniter->tryToRouteIt(Object(CodeIgniter\Router\RouteCollection))
#4 D:\xampp-7.4.10\htdocs\ci4\backend\system\CodeIgniter.php(312): CodeIgniter\CodeIgniter->handleRequest(NULL, Object(Config\Cache), false)
#5 D:\xampp-7.4.10\htdocs\ci4\backend\index.php(46): CodeIgniter\CodeIgniter->run()
#6 {main}
CRITICAL - 2020-11-06 23:57:58 --> Class 'App\Controllers\BaseAdmin' not found
#0 D:\xampp-7.4.10\htdocs\ci4\backend\system\Router\Router.php(583): include_once()
#1 D:\xampp-7.4.10\htdocs\ci4\backend\system\Router\Router.php(195): CodeIgniter\Router\Router->autoRoute('builtin/user')
#2 D:\xampp-7.4.10\htdocs\ci4\backend\system\CodeIgniter.php(793): CodeIgniter\Router\Router->handle('builtin/user')
#3 D:\xampp-7.4.10\htdocs\ci4\backend\system\CodeIgniter.php(364): CodeIgniter\CodeIgniter->tryToRouteIt(Object(CodeIgniter\Router\RouteCollection))
#4 D:\xampp-7.4.10\htdocs\ci4\backend\system\CodeIgniter.php(312): CodeIgniter\CodeIgniter->handleRequest(NULL, Object(Config\Cache), false)
#5 D:\xampp-7.4.10\htdocs\ci4\backend\index.php(46): CodeIgniter\CodeIgniter->run()
#6 {main}
